[0.016s] Invoking command in '/home/drone/ros2_ws/build/orbbec_camera': AMENT_PREFIX_PATH=/home/drone/ros2_ws/install/orbbec_camera_msgs:${AMENT_PREFIX_PATH} CMAKE_PREFIX_PATH=/home/drone/ros2_ws/install/orbbec_camera_msgs:/home/drone/ydlidar_ros2_ws/install/ydlidar_ros2_driver:/opt/ros/jazzy/opt/gz_sim_vendor:/opt/ros/jazzy/opt/gz_sensors_vendor:/opt/ros/jazzy/opt/gz_physics_vendor:/opt/ros/jazzy/opt/sdformat_vendor:/opt/ros/jazzy/opt/gz_gui_vendor:/opt/ros/jazzy/opt/gz_transport_vendor:/opt/ros/jazzy/opt/gz_rendering_vendor:/opt/ros/jazzy/opt/gz_plugin_vendor:/opt/ros/jazzy/opt/gz_fuel_tools_vendor:/opt/ros/jazzy/opt/gz_msgs_vendor:/opt/ros/jazzy/opt/gz_common_vendor:/opt/ros/jazzy/opt/gz_math_vendor:/opt/ros/jazzy/opt/gz_utils_vendor:/opt/ros/jazzy/opt/gz_tools_vendor:/opt/ros/jazzy/opt/gz_ogre_next_vendor:/opt/ros/jazzy/opt/gz_dartsim_vendor:/opt/ros/jazzy/opt/gz_cmake_vendor:/opt/ros/jazzy DEBUGINFOD_URLS=https://debuginfod.ubuntu.com LD_LIBRARY_PATH=/home/drone/ros2_ws/install/orbbec_camera_msgs/lib:${LD_LIBRARY_PATH} PYTHONPATH=/home/drone/ros2_ws/install/orbbec_camera_msgs/lib/python3.12/site-packages:${PYTHONPATH} /usr/bin/cmake /home/drone/ros2_ws/src/OrbbecSDK_ROS2/orbbec_camera -DCMAKE_BUILD_TYPE=Release -DCMAKE_INSTALL_PREFIX=/home/drone/ros2_ws/install/orbbec_camera
[0.404s] -- The C compiler identification is GNU 13.3.0
[0.514s] -- The CXX compiler identification is GNU 13.3.0
[0.550s] -- Detecting C compiler ABI info
[0.741s] -- Detecting C compiler ABI info - done
[0.757s] -- Check for working C compiler: /usr/bin/cc - skipped
[0.760s] -- Detecting C compile features
[0.761s] -- Detecting C compile features - done
[0.779s] -- Detecting CXX compiler ABI info
[0.969s] -- Detecting CXX compiler ABI info - done
[0.986s] -- Check for working CXX compiler: /usr/bin/c++ - skipped
[0.986s] -- Detecting CXX compile features
[0.987s] -- Detecting CXX compile features - done
[1.006s] -- Found ament_cmake: 2.5.4 (/opt/ros/jazzy/share/ament_cmake/cmake)
[1.259s] -- Found Python3: /usr/bin/python3 (found version "3.12.3") found components: Interpreter 
[1.492s] -- Found ament_index_cpp: 1.8.1 (/opt/ros/jazzy/share/ament_index_cpp/cmake)
[1.518s] -- Found builtin_interfaces: 2.0.3 (/opt/ros/jazzy/share/builtin_interfaces/cmake)
[1.613s] -- Found rosidl_generator_c: 4.6.6 (/opt/ros/jazzy/share/rosidl_generator_c/cmake)
[1.647s] -- Found rosidl_generator_cpp: 4.6.6 (/opt/ros/jazzy/share/rosidl_generator_cpp/cmake)
[1.690s] -- Using all available rosidl_typesupport_c: rosidl_typesupport_fastrtps_c;rosidl_typesupport_introspection_c
[1.733s] -- Using all available rosidl_typesupport_cpp: rosidl_typesupport_fastrtps_cpp;rosidl_typesupport_introspection_cpp
[1.774s] -- Found cv_bridge: 4.1.0 (/opt/ros/jazzy/share/cv_bridge/cmake)
[2.055s] -- Found rmw_implementation_cmake: 7.3.2 (/opt/ros/jazzy/share/rmw_implementation_cmake/cmake)
[2.064s] -- Found rmw_cyclonedds_cpp: 2.2.3 (/opt/ros/jazzy/share/rmw_cyclonedds_cpp/cmake)
[2.144s] -- Using RMW implementation 'rmw_cyclonedds_cpp' as default
[2.269s] -- Found camera_info_manager: 5.1.7 (/opt/ros/jazzy/share/camera_info_manager/cmake)
[2.288s] -- Setting yaml-cpp_DIR to: '/opt/ros/jazzy/share/yaml_cpp_vendor/cmake/../../../opt/yaml_cpp_vendor/share/cmake/yaml-cpp'
[2.367s] -- Found image_transport: 5.1.7 (/opt/ros/jazzy/share/image_transport/cmake)
[2.436s] -- Found TinyXML2 via Config file: /usr/lib/aarch64-linux-gnu/cmake/tinyxml2
[2.444s] -- Found image_publisher: 5.0.11 (/opt/ros/jazzy/share/image_publisher/cmake)
[2.511s] -- Found OpenCV: /usr (found version "4.6.0") 
[2.512s] -- Found orbbec_camera_msgs: 1.5.14 (/home/drone/ros2_ws/install/orbbec_camera_msgs/share/orbbec_camera_msgs/cmake)
[2.560s] -- Found std_srvs: 5.3.6 (/opt/ros/jazzy/share/std_srvs/cmake)
[2.597s] -- Found tf2: 0.36.14 (/opt/ros/jazzy/share/tf2/cmake)
[2.611s] -- Found tf2_eigen: 0.36.14 (/opt/ros/jazzy/share/tf2_eigen/cmake)
[2.782s] -- Found tf2_sensor_msgs: 0.36.14 (/opt/ros/jazzy/share/tf2_sensor_msgs/cmake)
[2.845s] -- Performing Test CMAKE_HAVE_LIBC_PTHREAD
[3.187s] -- Performing Test CMAKE_HAVE_LIBC_PTHREAD - Success
[3.189s] -- Found Threads: TRUE  
[3.233s] -- Found diagnostic_updater: 4.2.6 (/opt/ros/jazzy/share/diagnostic_updater/cmake)
[3.545s] -- Found PkgConfig: /usr/bin/pkg-config (found version "1.8.1") 
[3.556s] -- ORRBEC Machine : aarch64
[3.556s] 
[3.556s] -- ORRBEC Machine Bits : 64
[3.556s] 
[3.663s] -- Found ament_lint_auto: 0.17.3 (/opt/ros/jazzy/share/ament_lint_auto/cmake)
[3.825s] -- Configuring done (3.8s)
[4.071s] -- Generating done (0.2s)
[4.112s] -- Build files have been written to: /home/drone/ros2_ws/build/orbbec_camera
[4.138s] Invoked command in '/home/drone/ros2_ws/build/orbbec_camera' returned '0': AMENT_PREFIX_PATH=/home/drone/ros2_ws/install/orbbec_camera_msgs:${AMENT_PREFIX_PATH} CMAKE_PREFIX_PATH=/home/drone/ros2_ws/install/orbbec_camera_msgs:/home/drone/ydlidar_ros2_ws/install/ydlidar_ros2_driver:/opt/ros/jazzy/opt/gz_sim_vendor:/opt/ros/jazzy/opt/gz_sensors_vendor:/opt/ros/jazzy/opt/gz_physics_vendor:/opt/ros/jazzy/opt/sdformat_vendor:/opt/ros/jazzy/opt/gz_gui_vendor:/opt/ros/jazzy/opt/gz_transport_vendor:/opt/ros/jazzy/opt/gz_rendering_vendor:/opt/ros/jazzy/opt/gz_plugin_vendor:/opt/ros/jazzy/opt/gz_fuel_tools_vendor:/opt/ros/jazzy/opt/gz_msgs_vendor:/opt/ros/jazzy/opt/gz_common_vendor:/opt/ros/jazzy/opt/gz_math_vendor:/opt/ros/jazzy/opt/gz_utils_vendor:/opt/ros/jazzy/opt/gz_tools_vendor:/opt/ros/jazzy/opt/gz_ogre_next_vendor:/opt/ros/jazzy/opt/gz_dartsim_vendor:/opt/ros/jazzy/opt/gz_cmake_vendor:/opt/ros/jazzy DEBUGINFOD_URLS=https://debuginfod.ubuntu.com LD_LIBRARY_PATH=/home/drone/ros2_ws/install/orbbec_camera_msgs/lib:${LD_LIBRARY_PATH} PYTHONPATH=/home/drone/ros2_ws/install/orbbec_camera_msgs/lib/python3.12/site-packages:${PYTHONPATH} /usr/bin/cmake /home/drone/ros2_ws/src/OrbbecSDK_ROS2/orbbec_camera -DCMAKE_BUILD_TYPE=Release -DCMAKE_INSTALL_PREFIX=/home/drone/ros2_ws/install/orbbec_camera
[4.140s] Invoking command in '/home/drone/ros2_ws/build/orbbec_camera': AMENT_PREFIX_PATH=/home/drone/ros2_ws/install/orbbec_camera_msgs:${AMENT_PREFIX_PATH} CMAKE_PREFIX_PATH=/home/drone/ros2_ws/install/orbbec_camera_msgs:/home/drone/ydlidar_ros2_ws/install/ydlidar_ros2_driver:/opt/ros/jazzy/opt/gz_sim_vendor:/opt/ros/jazzy/opt/gz_sensors_vendor:/opt/ros/jazzy/opt/gz_physics_vendor:/opt/ros/jazzy/opt/sdformat_vendor:/opt/ros/jazzy/opt/gz_gui_vendor:/opt/ros/jazzy/opt/gz_transport_vendor:/opt/ros/jazzy/opt/gz_rendering_vendor:/opt/ros/jazzy/opt/gz_plugin_vendor:/opt/ros/jazzy/opt/gz_fuel_tools_vendor:/opt/ros/jazzy/opt/gz_msgs_vendor:/opt/ros/jazzy/opt/gz_common_vendor:/opt/ros/jazzy/opt/gz_math_vendor:/opt/ros/jazzy/opt/gz_utils_vendor:/opt/ros/jazzy/opt/gz_tools_vendor:/opt/ros/jazzy/opt/gz_ogre_next_vendor:/opt/ros/jazzy/opt/gz_dartsim_vendor:/opt/ros/jazzy/opt/gz_cmake_vendor:/opt/ros/jazzy DEBUGINFOD_URLS=https://debuginfod.ubuntu.com LD_LIBRARY_PATH=/home/drone/ros2_ws/install/orbbec_camera_msgs/lib:${LD_LIBRARY_PATH} PYTHONPATH=/home/drone/ros2_ws/install/orbbec_camera_msgs/lib/python3.12/site-packages:${PYTHONPATH} /usr/bin/cmake --build /home/drone/ros2_ws/build/orbbec_camera -- -j4 -l4
[4.249s] [ 16%] [32mBuilding CXX object CMakeFiles/orbbec_camera.dir/src/d2c_viewer.cpp.o[0m
[4.249s] [ 16%] [32mBuilding CXX object CMakeFiles/frame_latency_node.dir/rclcpp_components/node_main_frame_latency_node.cpp.o[0m
[4.249s] [ 16%] [32mBuilding CXX object CMakeFiles/orbbec_camera_node.dir/rclcpp_components/node_main_orbbec_camera_node.cpp.o[0m
[4.251s] [ 16%] [32mBuilding CXX object CMakeFiles/frame_latency.dir/tools/frame_latency.cpp.o[0m
[11.702s] [ 20%] [32m[1mLinking CXX executable frame_latency_node[0m
[11.784s] [ 24%] [32m[1mLinking CXX executable orbbec_camera_node[0m
[12.125s] [ 24%] Built target frame_latency_node
[12.133s] [ 24%] Built target orbbec_camera_node
[12.149s] [ 28%] [32mBuilding CXX object CMakeFiles/orbbec_camera.dir/src/dynamic_params.cpp.o[0m
[12.156s] [ 32%] [32mBuilding CXX object CMakeFiles/orbbec_camera.dir/src/image_publisher.cpp.o[0m
[23.181s] [ 36%] [32mBuilding CXX object CMakeFiles/orbbec_camera.dir/src/ob_camera_node_driver.cpp.o[0m
[25.735s] [ 40%] [32mBuilding CXX object CMakeFiles/orbbec_camera.dir/src/ob_camera_node.cpp.o[0m
[69.307s] [ 44%] [32mBuilding CXX object CMakeFiles/orbbec_camera.dir/src/ros_param_backend.cpp.o[0m
[76.792s] [ 48%] [32mBuilding CXX object CMakeFiles/orbbec_camera.dir/src/ros_service.cpp.o[0m
[137.171s] [ 52%] [32mBuilding CXX object CMakeFiles/orbbec_camera.dir/src/utils.cpp.o[0m
[138.092s] [ 56%] [32mBuilding CXX object CMakeFiles/orbbec_camera.dir/src/synced_imu_publisher.cpp.o[0m
[147.068s] [ 60%] [32m[1mLinking CXX shared library libframe_latency.so[0m
[148.907s] [ 60%] Built target frame_latency
[152.738s] [ 64%] [32mBuilding CXX object CMakeFiles/orbbec_camera.dir/src/jpeg_decoder.cpp.o[0m
[162.827s] [ 68%] [32m[1mLinking CXX shared library liborbbec_camera.so[0m
[164.114s] [ 68%] Built target orbbec_camera
[164.196s] [ 80%] [32mBuilding CXX object CMakeFiles/list_camera_profile_mode_node.dir/tools/list_camera_profile.cpp.o[0m
[164.196s] [ 80%] [32mBuilding CXX object CMakeFiles/list_devices_node.dir/tools/list_devices_node.cpp.o[0m
[164.197s] [ 80%] [32mBuilding CXX object CMakeFiles/list_depth_work_mode_node.dir/tools/list_depth_work_mode.cpp.o[0m
[183.845s] [ 84%] [32m[1mLinking CXX executable list_depth_work_mode_node[0m
[184.272s] [ 88%] [32m[1mLinking CXX executable list_devices_node[0m
[184.446s] [ 88%] Built target list_depth_work_mode_node
[184.525s] [ 92%] [32mBuilding CXX object CMakeFiles/topic_statistics_node.dir/tools/topic_statistics.cpp.o[0m
[186.108s] [ 96%] [32m[1mLinking CXX executable list_camera_profile_mode_node[0m
[187.527s] [ 96%] Built target list_devices_node
[187.939s] [ 96%] Built target list_camera_profile_mode_node
[205.126s] [100%] [32m[1mLinking CXX executable topic_statistics_node[0m
[205.650s] [100%] Built target topic_statistics_node
[205.828s] Invoked command in '/home/drone/ros2_ws/build/orbbec_camera' returned '0': AMENT_PREFIX_PATH=/home/drone/ros2_ws/install/orbbec_camera_msgs:${AMENT_PREFIX_PATH} CMAKE_PREFIX_PATH=/home/drone/ros2_ws/install/orbbec_camera_msgs:/home/drone/ydlidar_ros2_ws/install/ydlidar_ros2_driver:/opt/ros/jazzy/opt/gz_sim_vendor:/opt/ros/jazzy/opt/gz_sensors_vendor:/opt/ros/jazzy/opt/gz_physics_vendor:/opt/ros/jazzy/opt/sdformat_vendor:/opt/ros/jazzy/opt/gz_gui_vendor:/opt/ros/jazzy/opt/gz_transport_vendor:/opt/ros/jazzy/opt/gz_rendering_vendor:/opt/ros/jazzy/opt/gz_plugin_vendor:/opt/ros/jazzy/opt/gz_fuel_tools_vendor:/opt/ros/jazzy/opt/gz_msgs_vendor:/opt/ros/jazzy/opt/gz_common_vendor:/opt/ros/jazzy/opt/gz_math_vendor:/opt/ros/jazzy/opt/gz_utils_vendor:/opt/ros/jazzy/opt/gz_tools_vendor:/opt/ros/jazzy/opt/gz_ogre_next_vendor:/opt/ros/jazzy/opt/gz_dartsim_vendor:/opt/ros/jazzy/opt/gz_cmake_vendor:/opt/ros/jazzy DEBUGINFOD_URLS=https://debuginfod.ubuntu.com LD_LIBRARY_PATH=/home/drone/ros2_ws/install/orbbec_camera_msgs/lib:${LD_LIBRARY_PATH} PYTHONPATH=/home/drone/ros2_ws/install/orbbec_camera_msgs/lib/python3.12/site-packages:${PYTHONPATH} /usr/bin/cmake --build /home/drone/ros2_ws/build/orbbec_camera -- -j4 -l4
[205.902s] Invoking command in '/home/drone/ros2_ws/build/orbbec_camera': AMENT_PREFIX_PATH=/home/drone/ros2_ws/install/orbbec_camera_msgs:${AMENT_PREFIX_PATH} CMAKE_PREFIX_PATH=/home/drone/ros2_ws/install/orbbec_camera_msgs:/home/drone/ydlidar_ros2_ws/install/ydlidar_ros2_driver:/opt/ros/jazzy/opt/gz_sim_vendor:/opt/ros/jazzy/opt/gz_sensors_vendor:/opt/ros/jazzy/opt/gz_physics_vendor:/opt/ros/jazzy/opt/sdformat_vendor:/opt/ros/jazzy/opt/gz_gui_vendor:/opt/ros/jazzy/opt/gz_transport_vendor:/opt/ros/jazzy/opt/gz_rendering_vendor:/opt/ros/jazzy/opt/gz_plugin_vendor:/opt/ros/jazzy/opt/gz_fuel_tools_vendor:/opt/ros/jazzy/opt/gz_msgs_vendor:/opt/ros/jazzy/opt/gz_common_vendor:/opt/ros/jazzy/opt/gz_math_vendor:/opt/ros/jazzy/opt/gz_utils_vendor:/opt/ros/jazzy/opt/gz_tools_vendor:/opt/ros/jazzy/opt/gz_ogre_next_vendor:/opt/ros/jazzy/opt/gz_dartsim_vendor:/opt/ros/jazzy/opt/gz_cmake_vendor:/opt/ros/jazzy DEBUGINFOD_URLS=https://debuginfod.ubuntu.com LD_LIBRARY_PATH=/home/drone/ros2_ws/install/orbbec_camera_msgs/lib:${LD_LIBRARY_PATH} PYTHONPATH=/home/drone/ros2_ws/install/orbbec_camera_msgs/lib/python3.12/site-packages:${PYTHONPATH} /usr/bin/cmake --install /home/drone/ros2_ws/build/orbbec_camera
[205.933s] -- Install configuration: "Release"
[205.933s] -- Installing: /home/drone/ros2_ws/install/orbbec_camera/lib/orbbec_camera/orbbec_camera_node
[205.936s] -- Set non-toolchain portion of runtime path of "/home/drone/ros2_ws/install/orbbec_camera/lib/orbbec_camera/orbbec_camera_node" to ":/home/drone/ros2_ws/src/OrbbecSDK_ROS2/orbbec_camera/SDK/lib/arm64"
[205.936s] -- Installing: /home/drone/ros2_ws/install/orbbec_camera/lib/orbbec_camera/frame_latency_node
[205.937s] -- Set non-toolchain portion of runtime path of "/home/drone/ros2_ws/install/orbbec_camera/lib/orbbec_camera/frame_latency_node" to ":/home/drone/ros2_ws/src/OrbbecSDK_ROS2/orbbec_camera/SDK/lib/arm64"
[205.937s] -- Installing: /home/drone/ros2_ws/install/orbbec_camera/lib/liborbbec_camera.so
[205.946s] -- Set non-toolchain portion of runtime path of "/home/drone/ros2_ws/install/orbbec_camera/lib/liborbbec_camera.so" to ":/home/drone/ros2_ws/src/OrbbecSDK_ROS2/orbbec_camera/SDK/lib/arm64"
[205.946s] -- Installing: /home/drone/ros2_ws/install/orbbec_camera/lib/libframe_latency.so
[205.956s] -- Set non-toolchain portion of runtime path of "/home/drone/ros2_ws/install/orbbec_camera/lib/libframe_latency.so" to ":/home/drone/ros2_ws/src/OrbbecSDK_ROS2/orbbec_camera/SDK/lib/arm64"
[205.956s] -- Installing: /home/drone/ros2_ws/install/orbbec_camera/include
[205.957s] -- Installing: /home/drone/ros2_ws/install/orbbec_camera/include/magic_enum
[205.957s] -- Installing: /home/drone/ros2_ws/install/orbbec_camera/include/magic_enum/magic_enum.hpp
[205.957s] -- Installing: /home/drone/ros2_ws/install/orbbec_camera/include/orbbec_camera
[205.957s] -- Installing: /home/drone/ros2_ws/install/orbbec_camera/include/orbbec_camera/utils.h
[205.957s] -- Installing: /home/drone/ros2_ws/install/orbbec_camera/include/orbbec_camera/jpeg_decoder.h
[205.958s] -- Installing: /home/drone/ros2_ws/install/orbbec_camera/include/orbbec_camera/dynamic_params.h
[205.958s] -- Installing: /home/drone/ros2_ws/install/orbbec_camera/include/orbbec_camera/image_publisher.h
[205.958s] -- Installing: /home/drone/ros2_ws/install/orbbec_camera/include/orbbec_camera/synced_imu_publisher.h
[205.958s] -- Installing: /home/drone/ros2_ws/install/orbbec_camera/include/orbbec_camera/ros_param_backend.h
[205.958s] -- Installing: /home/drone/ros2_ws/install/orbbec_camera/include/orbbec_camera/rk_mpp_decoder.h
[205.958s] -- Installing: /home/drone/ros2_ws/install/orbbec_camera/include/orbbec_camera/d2c_viewer.h
[205.959s] -- Installing: /home/drone/ros2_ws/install/orbbec_camera/include/orbbec_camera/ob_camera_node.h
[205.959s] -- Installing: /home/drone/ros2_ws/install/orbbec_camera/include/orbbec_camera/jetson_nv_decoder.h
[205.959s] -- Installing: /home/drone/ros2_ws/install/orbbec_camera/include/orbbec_camera/constants.h
[205.959s] -- Installing: /home/drone/ros2_ws/install/orbbec_camera/include/orbbec_camera/ob_camera_node_driver.h
[205.959s] -- Installing: /home/drone/ros2_ws/install/orbbec_camera/share/orbbec_camera//launch
[205.960s] -- Installing: /home/drone/ros2_ws/install/orbbec_camera/share/orbbec_camera//launch/dabai_max.launch.py
[205.960s] -- Installing: /home/drone/ros2_ws/install/orbbec_camera/share/orbbec_camera//launch/astra_pro2.launch.py
[205.961s] -- Installing: /home/drone/ros2_ws/install/orbbec_camera/share/orbbec_camera//launch/gemini2L.launch.py
[205.961s] -- Installing: /home/drone/ros2_ws/install/orbbec_camera/share/orbbec_camera//launch/dabai_dcw2.launch.py
[205.961s] -- Installing: /home/drone/ros2_ws/install/orbbec_camera/share/orbbec_camera//launch/dabai_pro.launch.py
[205.962s] -- Installing: /home/drone/ros2_ws/install/orbbec_camera/share/orbbec_camera//launch/astra_pro_plus.launch.py
[205.962s] -- Installing: /home/drone/ros2_ws/install/orbbec_camera/share/orbbec_camera//launch/astra_adv.launch.py
[205.963s] -- Installing: /home/drone/ros2_ws/install/orbbec_camera/share/orbbec_camera//launch/dabai_dw.launch.py
[205.963s] -- Installing: /home/drone/ros2_ws/install/orbbec_camera/share/orbbec_camera//launch/femto_bolt.launch.py
[205.963s] -- Installing: /home/drone/ros2_ws/install/orbbec_camera/share/orbbec_camera//launch/gemini2VL.launch.py
[205.964s] -- Installing: /home/drone/ros2_ws/install/orbbec_camera/share/orbbec_camera//launch/gemini2XL.launch.py
[205.964s] -- Installing: /home/drone/ros2_ws/install/orbbec_camera/share/orbbec_camera//launch/gemini_330_series.launch.py
[205.965s] -- Installing: /home/drone/ros2_ws/install/orbbec_camera/share/orbbec_camera//launch/gemini_e_lite.launch.py
[205.965s] -- Installing: /home/drone/ros2_ws/install/orbbec_camera/share/orbbec_camera//launch/femto_net_camera.launch.py
[205.965s] -- Installing: /home/drone/ros2_ws/install/orbbec_camera/share/orbbec_camera//launch/femto_mega.launch.py
[205.966s] -- Installing: /home/drone/ros2_ws/install/orbbec_camera/share/orbbec_camera//launch/dabai_dcl.py
[205.966s] -- Installing: /home/drone/ros2_ws/install/orbbec_camera/share/orbbec_camera//launch/astra_embedded_s.launch.py
[205.967s] -- Installing: /home/drone/ros2_ws/install/orbbec_camera/share/orbbec_camera//launch/deeya.launch.py
[205.967s] -- Installing: /home/drone/ros2_ws/install/orbbec_camera/share/orbbec_camera//launch/astra_stereo_u3.launch.py
[205.968s] -- Installing: /home/drone/ros2_ws/install/orbbec_camera/share/orbbec_camera//launch/femto.launch.py
[205.968s] -- Installing: /home/drone/ros2_ws/install/orbbec_camera/share/orbbec_camera//launch/dabai_d1.launch.py
[205.968s] -- Installing: /home/drone/ros2_ws/install/orbbec_camera/share/orbbec_camera//launch/astra2.launch.py
[205.969s] -- Installing: /home/drone/ros2_ws/install/orbbec_camera/share/orbbec_camera//launch/gemini_intra_process_demo_launch.py
[205.969s] -- Installing: /home/drone/ros2_ws/install/orbbec_camera/share/orbbec_camera//launch/gemini2.launch.py
[205.970s] -- Installing: /home/drone/ros2_ws/install/orbbec_camera/share/orbbec_camera//launch/gemini_ew.launch.py
[205.970s] -- Installing: /home/drone/ros2_ws/install/orbbec_camera/share/orbbec_camera//launch/gemini_e.launch.py
[205.970s] -- Installing: /home/drone/ros2_ws/install/orbbec_camera/share/orbbec_camera//launch/multi_camera_synced.launch.py
[205.971s] -- Installing: /home/drone/ros2_ws/install/orbbec_camera/share/orbbec_camera//launch/ob_camera.launch.py
[205.971s] -- Installing: /home/drone/ros2_ws/install/orbbec_camera/share/orbbec_camera//launch/multi_net_camera.launch.py
[205.971s] -- Installing: /home/drone/ros2_ws/install/orbbec_camera/share/orbbec_camera//launch/astra.launch.py
[205.972s] -- Installing: /home/drone/ros2_ws/install/orbbec_camera/share/orbbec_camera//launch/gemini_ew_lite.launch.py
[205.972s] -- Installing: /home/drone/ros2_ws/install/orbbec_camera/share/orbbec_camera//launch/dabai_dw2.launch.py
[205.973s] -- Installing: /home/drone/ros2_ws/install/orbbec_camera/share/orbbec_camera//launch/dabai_dcw.launch.py
[205.973s] -- Installing: /home/drone/ros2_ws/install/orbbec_camera/share/orbbec_camera//launch/dabai_max_pro.launch.py
[205.974s] -- Installing: /home/drone/ros2_ws/install/orbbec_camera/share/orbbec_camera//launch/gemini_uw.launch.py
[205.974s] -- Installing: /home/drone/ros2_ws/install/orbbec_camera/share/orbbec_camera//launch/multi_camera.launch.py
[205.974s] -- Installing: /home/drone/ros2_ws/install/orbbec_camera/share/orbbec_camera//launch/dabai.launch.py
[205.975s] -- Installing: /home/drone/ros2_ws/install/orbbec_camera/share/orbbec_camera//config
[205.975s] -- Installing: /home/drone/ros2_ws/install/orbbec_camera/share/orbbec_camera//config/.gitkeep
[205.975s] -- Installing: /home/drone/ros2_ws/install/orbbec_camera/share/orbbec_camera//config/OrbbecSDKConfig_v1.0.xml
[205.978s] -- Installing: /home/drone/ros2_ws/install/orbbec_camera/share/orbbec_camera//config/camera_params.yaml
[205.978s] -- Installing: /home/drone/ros2_ws/install/orbbec_camera/share/orbbec_camera//config/depthfilter
[205.979s] -- Installing: /home/drone/ros2_ws/install/orbbec_camera/share/orbbec_camera//config/depthfilter/Gemini2_v1.8.json
[205.979s] -- Installing: /home/drone/ros2_ws/install/orbbec_camera/share/orbbec_camera//config/depthfilter/Openni_device.json
[205.980s] -- Up-to-date: /home/drone/ros2_ws/install/orbbec_camera/include
[205.980s] -- Installing: /home/drone/ros2_ws/install/orbbec_camera/include/libobsensor
[205.980s] -- Installing: /home/drone/ros2_ws/install/orbbec_camera/include/libobsensor/ObSensor.h
[205.980s] -- Installing: /home/drone/ros2_ws/install/orbbec_camera/include/libobsensor/hpp
[205.980s] -- Installing: /home/drone/ros2_ws/install/orbbec_camera/include/libobsensor/hpp/Device.hpp
[205.981s] -- Installing: /home/drone/ros2_ws/install/orbbec_camera/include/libobsensor/hpp/Utils.hpp
[205.981s] -- Installing: /home/drone/ros2_ws/install/orbbec_camera/include/libobsensor/hpp/StreamProfile.hpp
[205.981s] -- Installing: /home/drone/ros2_ws/install/orbbec_camera/include/libobsensor/hpp/Context.hpp
[205.982s] -- Installing: /home/drone/ros2_ws/install/orbbec_camera/include/libobsensor/hpp/Error.hpp
[205.982s] -- Installing: /home/drone/ros2_ws/install/orbbec_camera/include/libobsensor/hpp/Frame.hpp
[205.982s] -- Installing: /home/drone/ros2_ws/install/orbbec_camera/include/libobsensor/hpp/Filter.hpp
[205.982s] -- Installing: /home/drone/ros2_ws/install/orbbec_camera/include/libobsensor/hpp/Sensor.hpp
[205.983s] -- Installing: /home/drone/ros2_ws/install/orbbec_camera/include/libobsensor/hpp/Types.hpp
[205.983s] -- Installing: /home/drone/ros2_ws/install/orbbec_camera/include/libobsensor/hpp/Pipeline.hpp
[205.983s] -- Installing: /home/drone/ros2_ws/install/orbbec_camera/include/libobsensor/hpp/RecordPlayback.hpp
[205.983s] -- Installing: /home/drone/ros2_ws/install/orbbec_camera/include/libobsensor/hpp/Version.hpp
[205.983s] -- Installing: /home/drone/ros2_ws/install/orbbec_camera/include/libobsensor/ObSensor.hpp
[205.983s] -- Installing: /home/drone/ros2_ws/install/orbbec_camera/include/libobsensor/h
[205.983s] -- Installing: /home/drone/ros2_ws/install/orbbec_camera/include/libobsensor/h/Pipeline.h
[205.984s] -- Installing: /home/drone/ros2_ws/install/orbbec_camera/include/libobsensor/h/Sensor.h
[205.985s] -- Installing: /home/drone/ros2_ws/install/orbbec_camera/include/libobsensor/h/StreamProfile.h
[205.985s] -- Installing: /home/drone/ros2_ws/install/orbbec_camera/include/libobsensor/h/Frame.h
[205.986s] -- Installing: /home/drone/ros2_ws/install/orbbec_camera/include/libobsensor/h/Context.h
[205.986s] -- Installing: /home/drone/ros2_ws/install/orbbec_camera/include/libobsensor/h/Filter.h
[205.987s] -- Installing: /home/drone/ros2_ws/install/orbbec_camera/include/libobsensor/h/ObTypes.h
[205.987s] -- Installing: /home/drone/ros2_ws/install/orbbec_camera/include/libobsensor/h/MultipleDevices.h
[205.988s] -- Installing: /home/drone/ros2_ws/install/orbbec_camera/include/libobsensor/h/RecordPlayback.h
[205.988s] -- Installing: /home/drone/ros2_ws/install/orbbec_camera/include/libobsensor/h/Error.h
[205.988s] -- Installing: /home/drone/ros2_ws/install/orbbec_camera/include/libobsensor/h/Property.h
[205.989s] -- Installing: /home/drone/ros2_ws/install/orbbec_camera/include/libobsensor/h/Device.h
[205.990s] -- Installing: /home/drone/ros2_ws/install/orbbec_camera/include/libobsensor/h/Version.h
[205.990s] -- Installing: /home/drone/ros2_ws/install/orbbec_camera/include/libobsensor/h/Utils.h
[205.990s] -- Up-to-date: /home/drone/ros2_ws/install/orbbec_camera/lib/
[205.991s] -- Installing: /home/drone/ros2_ws/install/orbbec_camera/lib//libOrbbecSDK.so.1.10
[205.991s] -- Installing: /home/drone/ros2_ws/install/orbbec_camera/lib//libdepthengine.so
[205.991s] -- Installing: /home/drone/ros2_ws/install/orbbec_camera/lib//libOrbbecSDK.so
[205.991s] -- Installing: /home/drone/ros2_ws/install/orbbec_camera/lib//libOrbbecSDK.so.1.10.27
[206.117s] -- Installing: /home/drone/ros2_ws/install/orbbec_camera/lib//libdepthengine.so.2.0
[206.126s] -- Installing: /home/drone/ros2_ws/install/orbbec_camera/lib//libob_usb.so
[206.127s] -- Installing: /home/drone/ros2_ws/install/orbbec_camera/lib//liblive555.so
[206.138s] -- Installing: /home/drone/ros2_ws/install/orbbec_camera/share/orbbec_camera/udev/99-obsensor-libusb.rules
[206.139s] -- Installing: /home/drone/ros2_ws/install/orbbec_camera/lib/orbbec_camera/list_devices_node
[206.140s] -- Set non-toolchain portion of runtime path of "/home/drone/ros2_ws/install/orbbec_camera/lib/orbbec_camera/list_devices_node" to ":/home/drone/ros2_ws/src/OrbbecSDK_ROS2/orbbec_camera/SDK/lib/arm64"
[206.140s] -- Installing: /home/drone/ros2_ws/install/orbbec_camera/lib/orbbec_camera/list_depth_work_mode_node
[206.141s] -- Set non-toolchain portion of runtime path of "/home/drone/ros2_ws/install/orbbec_camera/lib/orbbec_camera/list_depth_work_mode_node" to ":/home/drone/ros2_ws/src/OrbbecSDK_ROS2/orbbec_camera/SDK/lib/arm64"
[206.141s] -- Installing: /home/drone/ros2_ws/install/orbbec_camera/lib/orbbec_camera/list_camera_profile_mode_node
[206.142s] -- Set non-toolchain portion of runtime path of "/home/drone/ros2_ws/install/orbbec_camera/lib/orbbec_camera/list_camera_profile_mode_node" to ":/home/drone/ros2_ws/src/OrbbecSDK_ROS2/orbbec_camera/SDK/lib/arm64"
[206.142s] -- Installing: /home/drone/ros2_ws/install/orbbec_camera/lib/orbbec_camera/topic_statistics_node
[206.146s] -- Set non-toolchain portion of runtime path of "/home/drone/ros2_ws/install/orbbec_camera/lib/orbbec_camera/topic_statistics_node" to ":/home/drone/ros2_ws/src/OrbbecSDK_ROS2/orbbec_camera/SDK/lib/arm64"
[206.147s] -- Installing: /home/drone/ros2_ws/install/orbbec_camera/share/orbbec_camera/environment/library_path.sh
[206.148s] -- Installing: /home/drone/ros2_ws/install/orbbec_camera/share/orbbec_camera/environment/library_path.dsv
[206.149s] -- Installing: /home/drone/ros2_ws/install/orbbec_camera/share/ament_index/resource_index/package_run_dependencies/orbbec_camera
[206.150s] -- Installing: /home/drone/ros2_ws/install/orbbec_camera/share/ament_index/resource_index/parent_prefix_path/orbbec_camera
[206.152s] -- Installing: /home/drone/ros2_ws/install/orbbec_camera/share/orbbec_camera/environment/ament_prefix_path.sh
[206.152s] -- Installing: /home/drone/ros2_ws/install/orbbec_camera/share/orbbec_camera/environment/ament_prefix_path.dsv
[206.153s] -- Installing: /home/drone/ros2_ws/install/orbbec_camera/share/orbbec_camera/environment/path.sh
[206.153s] -- Installing: /home/drone/ros2_ws/install/orbbec_camera/share/orbbec_camera/environment/path.dsv
[206.153s] -- Installing: /home/drone/ros2_ws/install/orbbec_camera/share/orbbec_camera/local_setup.bash
[206.154s] -- Installing: /home/drone/ros2_ws/install/orbbec_camera/share/orbbec_camera/local_setup.sh
[206.154s] -- Installing: /home/drone/ros2_ws/install/orbbec_camera/share/orbbec_camera/local_setup.zsh
[206.155s] -- Installing: /home/drone/ros2_ws/install/orbbec_camera/share/orbbec_camera/local_setup.dsv
[206.155s] -- Installing: /home/drone/ros2_ws/install/orbbec_camera/share/orbbec_camera/package.dsv
[206.156s] -- Installing: /home/drone/ros2_ws/install/orbbec_camera/share/ament_index/resource_index/packages/orbbec_camera
[206.156s] -- Installing: /home/drone/ros2_ws/install/orbbec_camera/share/ament_index/resource_index/rclcpp_components/orbbec_camera
[206.157s] -- Installing: /home/drone/ros2_ws/install/orbbec_camera/share/orbbec_camera/cmake/ament_cmake_export_include_directories-extras.cmake
[206.157s] -- Installing: /home/drone/ros2_ws/install/orbbec_camera/share/orbbec_camera/cmake/ament_cmake_export_libraries-extras.cmake
[206.158s] -- Installing: /home/drone/ros2_ws/install/orbbec_camera/share/orbbec_camera/cmake/ament_cmake_export_dependencies-extras.cmake
[206.158s] -- Installing: /home/drone/ros2_ws/install/orbbec_camera/share/orbbec_camera/cmake/orbbec_cameraConfig.cmake
[206.159s] -- Installing: /home/drone/ros2_ws/install/orbbec_camera/share/orbbec_camera/cmake/orbbec_cameraConfig-version.cmake
[206.159s] -- Installing: /home/drone/ros2_ws/install/orbbec_camera/share/orbbec_camera/package.xml
[206.175s] Invoked command in '/home/drone/ros2_ws/build/orbbec_camera' returned '0': AMENT_PREFIX_PATH=/home/drone/ros2_ws/install/orbbec_camera_msgs:${AMENT_PREFIX_PATH} CMAKE_PREFIX_PATH=/home/drone/ros2_ws/install/orbbec_camera_msgs:/home/drone/ydlidar_ros2_ws/install/ydlidar_ros2_driver:/opt/ros/jazzy/opt/gz_sim_vendor:/opt/ros/jazzy/opt/gz_sensors_vendor:/opt/ros/jazzy/opt/gz_physics_vendor:/opt/ros/jazzy/opt/sdformat_vendor:/opt/ros/jazzy/opt/gz_gui_vendor:/opt/ros/jazzy/opt/gz_transport_vendor:/opt/ros/jazzy/opt/gz_rendering_vendor:/opt/ros/jazzy/opt/gz_plugin_vendor:/opt/ros/jazzy/opt/gz_fuel_tools_vendor:/opt/ros/jazzy/opt/gz_msgs_vendor:/opt/ros/jazzy/opt/gz_common_vendor:/opt/ros/jazzy/opt/gz_math_vendor:/opt/ros/jazzy/opt/gz_utils_vendor:/opt/ros/jazzy/opt/gz_tools_vendor:/opt/ros/jazzy/opt/gz_ogre_next_vendor:/opt/ros/jazzy/opt/gz_dartsim_vendor:/opt/ros/jazzy/opt/gz_cmake_vendor:/opt/ros/jazzy DEBUGINFOD_URLS=https://debuginfod.ubuntu.com LD_LIBRARY_PATH=/home/drone/ros2_ws/install/orbbec_camera_msgs/lib:${LD_LIBRARY_PATH} PYTHONPATH=/home/drone/ros2_ws/install/orbbec_camera_msgs/lib/python3.12/site-packages:${PYTHONPATH} /usr/bin/cmake --install /home/drone/ros2_ws/build/orbbec_camera
