[0.184s] DEBUG:colcon:Command line arguments: ['/usr/bin/colcon', 'build', '--packages-select', 'tmini_cartographer_py']
[0.184s] DEBUG:colcon:Parsed command line arguments: Namespace(log_base=None, log_level=None, verb_name='build', build_base='build', install_base='install', merge_install=False, symlink_install=False, test_result_base=None, continue_on_error=False, executor='parallel', parallel_workers=4, event_handlers=None, ignore_user_meta=False, metas=['./colcon.meta'], base_paths=['.'], packages_ignore=None, packages_ignore_regex=None, paths=None, packages_up_to=None, packages_up_to_regex=None, packages_above=None, packages_above_and_dependencies=None, packages_above_depth=None, packages_select_by_dep=None, packages_skip_by_dep=None, packages_skip_up_to=None, packages_select_build_failed=False, packages_skip_build_finished=False, packages_select_test_failures=False, packages_skip_test_passed=False, packages_select=['tmini_cartographer_py'], packages_skip=None, packages_select_regex=None, packages_skip_regex=None, packages_start=None, packages_end=None, allow_overriding=[], cmake_args=None, cmake_target=None, cmake_target_skip_unavailable=False, cmake_clean_cache=False, cmake_clean_first=False, cmake_force_configure=False, ament_cmake_args=None, catkin_cmake_args=None, catkin_skip_building_tests=False, mixin_files=None, mixin=None, verb_parser=<colcon_mixin.mixin.mixin_argument.MixinArgumentDecorator object at 0xffff99c13050>, verb_extension=<colcon_core.verb.build.BuildVerb object at 0xffff99c12d50>, main=<bound method BuildVerb.main of <colcon_core.verb.build.BuildVerb object at 0xffff99c12d50>>, mixin_verb=('build',))
[0.246s] Level 1:colcon.colcon_core.package_discovery:discover_packages(colcon_meta) check parameters
[0.250s] Level 1:colcon.colcon_core.package_discovery:discover_packages(recursive) check parameters
[0.250s] Level 1:colcon.colcon_core.package_discovery:discover_packages(ignore) check parameters
[0.250s] Level 1:colcon.colcon_core.package_discovery:discover_packages(path) check parameters
[0.250s] Level 1:colcon.colcon_core.package_discovery:discover_packages(colcon_meta) discover
[0.250s] Level 1:colcon.colcon_core.package_discovery:discover_packages(recursive) discover
[0.251s] INFO:colcon.colcon_core.package_discovery:Crawling recursively for packages in '/home/drone/cartographer_ws'
[0.251s] Level 1:colcon.colcon_core.package_identification:_identify(.) by extensions ['ignore', 'ignore_ament_install']
[0.251s] Level 1:colcon.colcon_core.package_identification:_identify(.) by extension 'ignore'
[0.251s] Level 1:colcon.colcon_core.package_identification:_identify(.) by extension 'ignore_ament_install'
[0.251s] Level 1:colcon.colcon_core.package_identification:_identify(.) by extensions ['colcon_pkg']
[0.251s] Level 1:colcon.colcon_core.package_identification:_identify(.) by extension 'colcon_pkg'
[0.251s] Level 1:colcon.colcon_core.package_identification:_identify(.) by extensions ['colcon_meta']
[0.251s] Level 1:colcon.colcon_core.package_identification:_identify(.) by extension 'colcon_meta'
[0.251s] Level 1:colcon.colcon_core.package_identification:_identify(.) by extensions ['ros']
[0.251s] Level 1:colcon.colcon_core.package_identification:_identify(.) by extension 'ros'
[0.293s] Level 1:colcon.colcon_core.package_identification:_identify(.) by extensions ['cmake', 'python']
[0.293s] Level 1:colcon.colcon_core.package_identification:_identify(.) by extension 'cmake'
[0.293s] Level 1:colcon.colcon_core.package_identification:_identify(.) by extension 'python'
[0.293s] Level 1:colcon.colcon_core.package_identification:_identify(.) by extensions ['python_setup_py']
[0.293s] Level 1:colcon.colcon_core.package_identification:_identify(.) by extension 'python_setup_py'
[0.293s] Level 1:colcon.colcon_core.package_identification:_identify(build) by extensions ['ignore', 'ignore_ament_install']
[0.293s] Level 1:colcon.colcon_core.package_identification:_identify(build) by extension 'ignore'
[0.293s] Level 1:colcon.colcon_core.package_identification:_identify(build) ignored
[0.293s] Level 1:colcon.colcon_core.package_identification:_identify(install) by extensions ['ignore', 'ignore_ament_install']
[0.294s] Level 1:colcon.colcon_core.package_identification:_identify(install) by extension 'ignore'
[0.294s] Level 1:colcon.colcon_core.package_identification:_identify(install) ignored
[0.294s] Level 1:colcon.colcon_core.package_identification:_identify(log) by extensions ['ignore', 'ignore_ament_install']
[0.294s] Level 1:colcon.colcon_core.package_identification:_identify(log) by extension 'ignore'
[0.294s] Level 1:colcon.colcon_core.package_identification:_identify(log) ignored
[0.294s] Level 1:colcon.colcon_core.package_identification:_identify(src) by extensions ['ignore', 'ignore_ament_install']
[0.294s] Level 1:colcon.colcon_core.package_identification:_identify(src) by extension 'ignore'
[0.294s] Level 1:colcon.colcon_core.package_identification:_identify(src) by extension 'ignore_ament_install'
[0.294s] Level 1:colcon.colcon_core.package_identification:_identify(src) by extensions ['colcon_pkg']
[0.294s] Level 1:colcon.colcon_core.package_identification:_identify(src) by extension 'colcon_pkg'
[0.294s] Level 1:colcon.colcon_core.package_identification:_identify(src) by extensions ['colcon_meta']
[0.294s] Level 1:colcon.colcon_core.package_identification:_identify(src) by extension 'colcon_meta'
[0.294s] Level 1:colcon.colcon_core.package_identification:_identify(src) by extensions ['ros']
[0.294s] Level 1:colcon.colcon_core.package_identification:_identify(src) by extension 'ros'
[0.295s] Level 1:colcon.colcon_core.package_identification:_identify(src) by extensions ['cmake', 'python']
[0.295s] Level 1:colcon.colcon_core.package_identification:_identify(src) by extension 'cmake'
[0.295s] Level 1:colcon.colcon_core.package_identification:_identify(src) by extension 'python'
[0.295s] Level 1:colcon.colcon_core.package_identification:_identify(src) by extensions ['python_setup_py']
[0.295s] Level 1:colcon.colcon_core.package_identification:_identify(src) by extension 'python_setup_py'
[0.295s] Level 1:colcon.colcon_core.package_identification:_identify(src/tmini_cartographer_py) by extensions ['ignore', 'ignore_ament_install']
[0.295s] Level 1:colcon.colcon_core.package_identification:_identify(src/tmini_cartographer_py) by extension 'ignore'
[0.295s] Level 1:colcon.colcon_core.package_identification:_identify(src/tmini_cartographer_py) by extension 'ignore_ament_install'
[0.295s] Level 1:colcon.colcon_core.package_identification:_identify(src/tmini_cartographer_py) by extensions ['colcon_pkg']
[0.295s] Level 1:colcon.colcon_core.package_identification:_identify(src/tmini_cartographer_py) by extension 'colcon_pkg'
[0.295s] Level 1:colcon.colcon_core.package_identification:_identify(src/tmini_cartographer_py) by extensions ['colcon_meta']
[0.295s] Level 1:colcon.colcon_core.package_identification:_identify(src/tmini_cartographer_py) by extension 'colcon_meta'
[0.295s] Level 1:colcon.colcon_core.package_identification:_identify(src/tmini_cartographer_py) by extensions ['ros']
[0.295s] Level 1:colcon.colcon_core.package_identification:_identify(src/tmini_cartographer_py) by extension 'ros'
[0.299s] DEBUG:colcon.colcon_core.package_identification:Package 'src/tmini_cartographer_py' with type 'ros.ament_python' and name 'tmini_cartographer_py'
[0.299s] Level 1:colcon.colcon_core.package_discovery:discover_packages(recursive) using defaults
[0.299s] Level 1:colcon.colcon_core.package_discovery:discover_packages(ignore) discover
[0.299s] Level 1:colcon.colcon_core.package_discovery:discover_packages(ignore) using defaults
[0.299s] Level 1:colcon.colcon_core.package_discovery:discover_packages(path) discover
[0.299s] Level 1:colcon.colcon_core.package_discovery:discover_packages(path) using defaults
[0.325s] Level 1:colcon.colcon_core.package_discovery:discover_packages(prefix_path) check parameters
[0.325s] Level 1:colcon.colcon_core.package_discovery:discover_packages(prefix_path) discover
[0.327s] DEBUG:colcon.colcon_installed_package_information.package_discovery:Found 1 installed packages in /home/drone/cartographer_ws/install
[0.328s] DEBUG:colcon.colcon_installed_package_information.package_discovery:Found 3 installed packages in /home/drone/ros2_ws/install
[0.328s] DEBUG:colcon.colcon_installed_package_information.package_discovery:Found 1 installed packages in /home/drone/ydlidar_ros2_ws/install
[0.331s] DEBUG:colcon.colcon_installed_package_information.package_discovery:Found 422 installed packages in /opt/ros/jazzy
[0.334s] Level 1:colcon.colcon_core.package_discovery:discover_packages(prefix_path) using defaults
[0.420s] Level 5:colcon.colcon_core.verb:set package 'tmini_cartographer_py' build argument 'cmake_args' from command line to 'None'
[0.420s] Level 5:colcon.colcon_core.verb:set package 'tmini_cartographer_py' build argument 'cmake_target' from command line to 'None'
[0.420s] Level 5:colcon.colcon_core.verb:set package 'tmini_cartographer_py' build argument 'cmake_target_skip_unavailable' from command line to 'False'
[0.420s] Level 5:colcon.colcon_core.verb:set package 'tmini_cartographer_py' build argument 'cmake_clean_cache' from command line to 'False'
[0.420s] Level 5:colcon.colcon_core.verb:set package 'tmini_cartographer_py' build argument 'cmake_clean_first' from command line to 'False'
[0.420s] Level 5:colcon.colcon_core.verb:set package 'tmini_cartographer_py' build argument 'cmake_force_configure' from command line to 'False'
[0.420s] Level 5:colcon.colcon_core.verb:set package 'tmini_cartographer_py' build argument 'ament_cmake_args' from command line to 'None'
[0.420s] Level 5:colcon.colcon_core.verb:set package 'tmini_cartographer_py' build argument 'catkin_cmake_args' from command line to 'None'
[0.420s] Level 5:colcon.colcon_core.verb:set package 'tmini_cartographer_py' build argument 'catkin_skip_building_tests' from command line to 'False'
[0.420s] DEBUG:colcon.colcon_core.verb:Building package 'tmini_cartographer_py' with the following arguments: {'ament_cmake_args': None, 'build_base': '/home/drone/cartographer_ws/build/tmini_cartographer_py', 'catkin_cmake_args': None, 'catkin_skip_building_tests': False, 'cmake_args': None, 'cmake_clean_cache': False, 'cmake_clean_first': False, 'cmake_force_configure': False, 'cmake_target': None, 'cmake_target_skip_unavailable': False, 'install_base': '/home/drone/cartographer_ws/install/tmini_cartographer_py', 'merge_install': False, 'path': '/home/drone/cartographer_ws/src/tmini_cartographer_py', 'symlink_install': False, 'test_result_base': None}
[0.420s] INFO:colcon.colcon_core.executor:Executing jobs using 'parallel' executor
[0.422s] DEBUG:colcon.colcon_parallel_executor.executor.parallel:run_until_complete
[0.422s] INFO:colcon.colcon_ros.task.ament_python.build:Building ROS package in '/home/drone/cartographer_ws/src/tmini_cartographer_py' with build type 'ament_python'
[0.422s] Level 1:colcon.colcon_core.shell:create_environment_hook('tmini_cartographer_py', 'ament_prefix_path')
[0.425s] INFO:colcon.colcon_core.plugin_system:Skipping extension 'colcon_core.shell.bat': Not used on non-Windows systems
[0.425s] INFO:colcon.colcon_core.shell:Creating environment hook '/home/drone/cartographer_ws/install/tmini_cartographer_py/share/tmini_cartographer_py/hook/ament_prefix_path.ps1'
[0.426s] INFO:colcon.colcon_core.shell:Creating environment descriptor '/home/drone/cartographer_ws/install/tmini_cartographer_py/share/tmini_cartographer_py/hook/ament_prefix_path.dsv'
[0.427s] INFO:colcon.colcon_core.shell:Creating environment hook '/home/drone/cartographer_ws/install/tmini_cartographer_py/share/tmini_cartographer_py/hook/ament_prefix_path.sh'
[0.429s] INFO:colcon.colcon_core.shell:Skip shell extension 'powershell' for command environment: Not usable outside of PowerShell
[0.429s] DEBUG:colcon.colcon_core.shell:Skip shell extension 'dsv' for command environment
[0.996s] INFO:colcon.colcon_core.task.python.build:Building Python package in '/home/drone/cartographer_ws/src/tmini_cartographer_py'
[0.998s] INFO:colcon.colcon_core.shell:Skip shell extension 'powershell' for command environment: Not usable outside of PowerShell
[0.999s] DEBUG:colcon.colcon_core.shell:Skip shell extension 'dsv' for command environment
[2.386s] DEBUG:colcon.colcon_core.event_handler.log_command:Invoking command in '/home/drone/cartographer_ws/src/tmini_cartographer_py': DEBUGINFOD_URLS=https://debuginfod.ubuntu.com PYTHONPATH=/home/drone/cartographer_ws/build/tmini_cartographer_py/prefix_override:/usr/lib/python3/dist-packages/colcon_core/task/python/colcon_distutils_commands:/home/drone/cartographer_ws/install/tmini_cartographer_py/lib/python3.12/site-packages:${PYTHONPATH} /usr/bin/python3 -W ignore:setup.py install is deprecated -W ignore:easy_install command is deprecated setup.py egg_info --egg-base ../../build/tmini_cartographer_py build --build-base /home/drone/cartographer_ws/build/tmini_cartographer_py/build install --record /home/drone/cartographer_ws/build/tmini_cartographer_py/install.log --single-version-externally-managed install_data
[3.509s] DEBUG:colcon.colcon_core.event_handler.log_command:Invoked command in '/home/drone/cartographer_ws/src/tmini_cartographer_py' returned '0': DEBUGINFOD_URLS=https://debuginfod.ubuntu.com PYTHONPATH=/home/drone/cartographer_ws/build/tmini_cartographer_py/prefix_override:/usr/lib/python3/dist-packages/colcon_core/task/python/colcon_distutils_commands:/home/drone/cartographer_ws/install/tmini_cartographer_py/lib/python3.12/site-packages:${PYTHONPATH} /usr/bin/python3 -W ignore:setup.py install is deprecated -W ignore:easy_install command is deprecated setup.py egg_info --egg-base ../../build/tmini_cartographer_py build --build-base /home/drone/cartographer_ws/build/tmini_cartographer_py/build install --record /home/drone/cartographer_ws/build/tmini_cartographer_py/install.log --single-version-externally-managed install_data
[3.513s] Level 1:colcon.colcon_core.environment:checking '/home/drone/cartographer_ws/install/tmini_cartographer_py' for CMake module files
[3.514s] Level 1:colcon.colcon_core.environment:checking '/home/drone/cartographer_ws/install/tmini_cartographer_py' for CMake config files
[3.516s] Level 1:colcon.colcon_core.environment:checking '/home/drone/cartographer_ws/install/tmini_cartographer_py/lib'
[3.517s] Level 1:colcon.colcon_core.environment:checking '/home/drone/cartographer_ws/install/tmini_cartographer_py/bin'
[3.517s] Level 1:colcon.colcon_core.environment:checking '/home/drone/cartographer_ws/install/tmini_cartographer_py/lib/pkgconfig/tmini_cartographer_py.pc'
[3.518s] Level 1:colcon.colcon_core.environment:checking '/home/drone/cartographer_ws/install/tmini_cartographer_py/lib/python3.12/site-packages'
[3.518s] Level 1:colcon.colcon_core.shell:create_environment_hook('tmini_cartographer_py', 'pythonpath')
[3.518s] INFO:colcon.colcon_core.shell:Creating environment hook '/home/drone/cartographer_ws/install/tmini_cartographer_py/share/tmini_cartographer_py/hook/pythonpath.ps1'
[3.519s] INFO:colcon.colcon_core.shell:Creating environment descriptor '/home/drone/cartographer_ws/install/tmini_cartographer_py/share/tmini_cartographer_py/hook/pythonpath.dsv'
[3.520s] INFO:colcon.colcon_core.shell:Creating environment hook '/home/drone/cartographer_ws/install/tmini_cartographer_py/share/tmini_cartographer_py/hook/pythonpath.sh'
[3.522s] Level 1:colcon.colcon_core.environment:checking '/home/drone/cartographer_ws/install/tmini_cartographer_py/bin'
[3.522s] Level 1:colcon.colcon_core.environment:create_environment_scripts_only(tmini_cartographer_py)
[3.522s] INFO:colcon.colcon_core.shell:Creating package script '/home/drone/cartographer_ws/install/tmini_cartographer_py/share/tmini_cartographer_py/package.ps1'
[3.523s] INFO:colcon.colcon_core.shell:Creating package descriptor '/home/drone/cartographer_ws/install/tmini_cartographer_py/share/tmini_cartographer_py/package.dsv'
[3.525s] INFO:colcon.colcon_core.shell:Creating package script '/home/drone/cartographer_ws/install/tmini_cartographer_py/share/tmini_cartographer_py/package.sh'
[3.526s] INFO:colcon.colcon_core.shell:Creating package script '/home/drone/cartographer_ws/install/tmini_cartographer_py/share/tmini_cartographer_py/package.bash'
[3.528s] INFO:colcon.colcon_core.shell:Creating package script '/home/drone/cartographer_ws/install/tmini_cartographer_py/share/tmini_cartographer_py/package.zsh'
[3.529s] Level 1:colcon.colcon_core.environment:create_file_with_runtime_dependencies(/home/drone/cartographer_ws/install/tmini_cartographer_py/share/colcon-core/packages/tmini_cartographer_py)
[3.530s] DEBUG:colcon.colcon_parallel_executor.executor.parallel:closing loop
[3.531s] DEBUG:colcon.colcon_parallel_executor.executor.parallel:loop closed
[3.531s] DEBUG:colcon.colcon_parallel_executor.executor.parallel:run_until_complete finished with '0'
[3.531s] DEBUG:colcon.colcon_core.event_reactor:joining thread
[3.541s] INFO:colcon.colcon_core.plugin_system:Skipping extension 'colcon_notification.desktop_notification.terminal_notifier': Not used on non-Darwin systems
[3.541s] INFO:colcon.colcon_core.plugin_system:Skipping extension 'colcon_notification.desktop_notification.win32': Not used on non-Windows systems
[3.541s] INFO:colcon.colcon_notification.desktop_notification:Sending desktop notification using 'notify2'
[3.573s] DEBUG:colcon.colcon_core.event_reactor:joined thread
[3.573s] INFO:colcon.colcon_core.shell:Creating prefix script '/home/drone/cartographer_ws/install/local_setup.ps1'
[3.575s] INFO:colcon.colcon_core.shell:Creating prefix util module '/home/drone/cartographer_ws/install/_local_setup_util_ps1.py'
[3.577s] INFO:colcon.colcon_core.shell:Creating prefix chain script '/home/drone/cartographer_ws/install/setup.ps1'
[3.579s] INFO:colcon.colcon_core.shell:Creating prefix script '/home/drone/cartographer_ws/install/local_setup.sh'
[3.583s] INFO:colcon.colcon_core.shell:Creating prefix util module '/home/drone/cartographer_ws/install/_local_setup_util_sh.py'
[3.584s] INFO:colcon.colcon_core.shell:Creating prefix chain script '/home/drone/cartographer_ws/install/setup.sh'
[3.586s] INFO:colcon.colcon_core.shell:Creating prefix script '/home/drone/cartographer_ws/install/local_setup.bash'
[3.587s] INFO:colcon.colcon_core.shell:Creating prefix chain script '/home/drone/cartographer_ws/install/setup.bash'
[3.589s] INFO:colcon.colcon_core.shell:Creating prefix script '/home/drone/cartographer_ws/install/local_setup.zsh'
[3.590s] INFO:colcon.colcon_core.shell:Creating prefix chain script '/home/drone/cartographer_ws/install/setup.zsh'
