[0.368s] DEBUG:colcon:Command line arguments: ['/usr/bin/colcon', 'build', '--symlink-install']
[0.368s] DEBUG:colcon:Parsed command line arguments: Namespace(log_base=None, log_level=None, verb_name='build', build_base='build', install_base='install', merge_install=False, symlink_install=True, test_result_base=None, continue_on_error=False, executor='parallel', parallel_workers=4, event_handlers=None, ignore_user_meta=False, metas=['./colcon.meta'], base_paths=['.'], packages_ignore=None, packages_ignore_regex=None, paths=None, packages_up_to=None, packages_up_to_regex=None, packages_above=None, packages_above_and_dependencies=None, packages_above_depth=None, packages_select_by_dep=None, packages_skip_by_dep=None, packages_skip_up_to=None, packages_select_build_failed=False, packages_skip_build_finished=False, packages_select_test_failures=False, packages_skip_test_passed=False, packages_select=None, packages_skip=None, packages_select_regex=None, packages_skip_regex=None, packages_start=None, packages_end=None, allow_overriding=[], cmake_args=None, cmake_target=None, cmake_target_skip_unavailable=False, cmake_clean_cache=False, cmake_clean_first=False, cmake_force_configure=False, ament_cmake_args=None, catkin_cmake_args=None, catkin_skip_building_tests=False, mixin_files=None, mixin=None, verb_parser=<colcon_mixin.mixin.mixin_argument.MixinArgumentDecorator object at 0xffff91342f00>, verb_extension=<colcon_core.verb.build.BuildVerb object at 0xffff913425a0>, main=<bound method BuildVerb.main of <colcon_core.verb.build.BuildVerb object at 0xffff913425a0>>, mixin_verb=('build',))
[0.494s] Level 1:colcon.colcon_core.package_discovery:discover_packages(colcon_meta) check parameters
[0.494s] Level 1:colcon.colcon_core.package_discovery:discover_packages(recursive) check parameters
[0.494s] Level 1:colcon.colcon_core.package_discovery:discover_packages(ignore) check parameters
[0.494s] Level 1:colcon.colcon_core.package_discovery:discover_packages(path) check parameters
[0.494s] Level 1:colcon.colcon_core.package_discovery:discover_packages(colcon_meta) discover
[0.494s] Level 1:colcon.colcon_core.package_discovery:discover_packages(recursive) discover
[0.495s] INFO:colcon.colcon_core.package_discovery:Crawling recursively for packages in '/home/drone/ArUco_ws'
[0.495s] Level 1:colcon.colcon_core.package_identification:_identify(.) by extensions ['ignore', 'ignore_ament_install']
[0.495s] Level 1:colcon.colcon_core.package_identification:_identify(.) by extension 'ignore'
[0.495s] Level 1:colcon.colcon_core.package_identification:_identify(.) by extension 'ignore_ament_install'
[0.496s] Level 1:colcon.colcon_core.package_identification:_identify(.) by extensions ['colcon_pkg']
[0.496s] Level 1:colcon.colcon_core.package_identification:_identify(.) by extension 'colcon_pkg'
[0.496s] Level 1:colcon.colcon_core.package_identification:_identify(.) by extensions ['colcon_meta']
[0.496s] Level 1:colcon.colcon_core.package_identification:_identify(.) by extension 'colcon_meta'
[0.496s] Level 1:colcon.colcon_core.package_identification:_identify(.) by extensions ['ros']
[0.496s] Level 1:colcon.colcon_core.package_identification:_identify(.) by extension 'ros'
[0.586s] Level 1:colcon.colcon_core.package_identification:_identify(.) by extensions ['cmake', 'python']
[0.586s] Level 1:colcon.colcon_core.package_identification:_identify(.) by extension 'cmake'
[0.587s] Level 1:colcon.colcon_core.package_identification:_identify(.) by extension 'python'
[0.587s] Level 1:colcon.colcon_core.package_identification:_identify(.) by extensions ['python_setup_py']
[0.587s] Level 1:colcon.colcon_core.package_identification:_identify(.) by extension 'python_setup_py'
[0.588s] Level 1:colcon.colcon_core.package_identification:_identify(Log) by extensions ['ignore', 'ignore_ament_install']
[0.588s] Level 1:colcon.colcon_core.package_identification:_identify(Log) by extension 'ignore'
[0.589s] Level 1:colcon.colcon_core.package_identification:_identify(Log) by extension 'ignore_ament_install'
[0.590s] Level 1:colcon.colcon_core.package_identification:_identify(Log) by extensions ['colcon_pkg']
[0.590s] Level 1:colcon.colcon_core.package_identification:_identify(Log) by extension 'colcon_pkg'
[0.590s] Level 1:colcon.colcon_core.package_identification:_identify(Log) by extensions ['colcon_meta']
[0.590s] Level 1:colcon.colcon_core.package_identification:_identify(Log) by extension 'colcon_meta'
[0.590s] Level 1:colcon.colcon_core.package_identification:_identify(Log) by extensions ['ros']
[0.590s] Level 1:colcon.colcon_core.package_identification:_identify(Log) by extension 'ros'
[0.590s] Level 1:colcon.colcon_core.package_identification:_identify(Log) by extensions ['cmake', 'python']
[0.590s] Level 1:colcon.colcon_core.package_identification:_identify(Log) by extension 'cmake'
[0.591s] Level 1:colcon.colcon_core.package_identification:_identify(Log) by extension 'python'
[0.591s] Level 1:colcon.colcon_core.package_identification:_identify(Log) by extensions ['python_setup_py']
[0.591s] Level 1:colcon.colcon_core.package_identification:_identify(Log) by extension 'python_setup_py'
[0.591s] Level 1:colcon.colcon_core.package_identification:_identify(build) by extensions ['ignore', 'ignore_ament_install']
[0.592s] Level 1:colcon.colcon_core.package_identification:_identify(build) by extension 'ignore'
[0.593s] Level 1:colcon.colcon_core.package_identification:_identify(build) ignored
[0.594s] Level 1:colcon.colcon_core.package_identification:_identify(install) by extensions ['ignore', 'ignore_ament_install']
[0.595s] Level 1:colcon.colcon_core.package_identification:_identify(install) by extension 'ignore'
[0.595s] Level 1:colcon.colcon_core.package_identification:_identify(install) ignored
[0.595s] Level 1:colcon.colcon_core.package_identification:_identify(log) by extensions ['ignore', 'ignore_ament_install']
[0.595s] Level 1:colcon.colcon_core.package_identification:_identify(log) by extension 'ignore'
[0.595s] Level 1:colcon.colcon_core.package_identification:_identify(log) ignored
[0.596s] Level 1:colcon.colcon_core.package_identification:_identify(src) by extensions ['ignore', 'ignore_ament_install']
[0.596s] Level 1:colcon.colcon_core.package_identification:_identify(src) by extension 'ignore'
[0.596s] Level 1:colcon.colcon_core.package_identification:_identify(src) by extension 'ignore_ament_install'
[0.596s] Level 1:colcon.colcon_core.package_identification:_identify(src) by extensions ['colcon_pkg']
[0.597s] Level 1:colcon.colcon_core.package_identification:_identify(src) by extension 'colcon_pkg'
[0.597s] Level 1:colcon.colcon_core.package_identification:_identify(src) by extensions ['colcon_meta']
[0.597s] Level 1:colcon.colcon_core.package_identification:_identify(src) by extension 'colcon_meta'
[0.598s] Level 1:colcon.colcon_core.package_identification:_identify(src) by extensions ['ros']
[0.598s] Level 1:colcon.colcon_core.package_identification:_identify(src) by extension 'ros'
[0.599s] Level 1:colcon.colcon_core.package_identification:_identify(src) by extensions ['cmake', 'python']
[0.599s] Level 1:colcon.colcon_core.package_identification:_identify(src) by extension 'cmake'
[0.599s] Level 1:colcon.colcon_core.package_identification:_identify(src) by extension 'python'
[0.599s] Level 1:colcon.colcon_core.package_identification:_identify(src) by extensions ['python_setup_py']
[0.599s] Level 1:colcon.colcon_core.package_identification:_identify(src) by extension 'python_setup_py'
[0.599s] Level 1:colcon.colcon_core.package_identification:_identify(src/aruco_detector_py) by extensions ['ignore', 'ignore_ament_install']
[0.600s] Level 1:colcon.colcon_core.package_identification:_identify(src/aruco_detector_py) by extension 'ignore'
[0.600s] Level 1:colcon.colcon_core.package_identification:_identify(src/aruco_detector_py) by extension 'ignore_ament_install'
[0.600s] Level 1:colcon.colcon_core.package_identification:_identify(src/aruco_detector_py) by extensions ['colcon_pkg']
[0.600s] Level 1:colcon.colcon_core.package_identification:_identify(src/aruco_detector_py) by extension 'colcon_pkg'
[0.601s] Level 1:colcon.colcon_core.package_identification:_identify(src/aruco_detector_py) by extensions ['colcon_meta']
[0.602s] Level 1:colcon.colcon_core.package_identification:_identify(src/aruco_detector_py) by extension 'colcon_meta'
[0.602s] Level 1:colcon.colcon_core.package_identification:_identify(src/aruco_detector_py) by extensions ['ros']
[0.602s] Level 1:colcon.colcon_core.package_identification:_identify(src/aruco_detector_py) by extension 'ros'
[0.611s] DEBUG:colcon.colcon_core.package_identification:Package 'src/aruco_detector_py' with type 'ros.ament_python' and name 'aruco_detector_py'
[0.612s] Level 1:colcon.colcon_core.package_discovery:discover_packages(recursive) using defaults
[0.612s] Level 1:colcon.colcon_core.package_discovery:discover_packages(ignore) discover
[0.612s] Level 1:colcon.colcon_core.package_discovery:discover_packages(ignore) using defaults
[0.612s] Level 1:colcon.colcon_core.package_discovery:discover_packages(path) discover
[0.612s] Level 1:colcon.colcon_core.package_discovery:discover_packages(path) using defaults
[0.716s] Level 1:colcon.colcon_core.package_discovery:discover_packages(prefix_path) check parameters
[0.718s] Level 1:colcon.colcon_core.package_discovery:discover_packages(prefix_path) discover
[0.724s] DEBUG:colcon.colcon_installed_package_information.package_discovery:Found 3 installed packages in /home/drone/ros2_ws/install
[0.727s] DEBUG:colcon.colcon_installed_package_information.package_discovery:Found 1 installed packages in /home/drone/ydlidar_ros2_ws/install
[0.731s] DEBUG:colcon.colcon_installed_package_information.package_discovery:Found 422 installed packages in /opt/ros/jazzy
[0.740s] Level 1:colcon.colcon_core.package_discovery:discover_packages(prefix_path) using defaults
[1.055s] Level 5:colcon.colcon_core.verb:set package 'aruco_detector_py' build argument 'cmake_args' from command line to 'None'
[1.058s] Level 5:colcon.colcon_core.verb:set package 'aruco_detector_py' build argument 'cmake_target' from command line to 'None'
[1.058s] Level 5:colcon.colcon_core.verb:set package 'aruco_detector_py' build argument 'cmake_target_skip_unavailable' from command line to 'False'
[1.059s] Level 5:colcon.colcon_core.verb:set package 'aruco_detector_py' build argument 'cmake_clean_cache' from command line to 'False'
[1.059s] Level 5:colcon.colcon_core.verb:set package 'aruco_detector_py' build argument 'cmake_clean_first' from command line to 'False'
[1.059s] Level 5:colcon.colcon_core.verb:set package 'aruco_detector_py' build argument 'cmake_force_configure' from command line to 'False'
[1.059s] Level 5:colcon.colcon_core.verb:set package 'aruco_detector_py' build argument 'ament_cmake_args' from command line to 'None'
[1.059s] Level 5:colcon.colcon_core.verb:set package 'aruco_detector_py' build argument 'catkin_cmake_args' from command line to 'None'
[1.059s] Level 5:colcon.colcon_core.verb:set package 'aruco_detector_py' build argument 'catkin_skip_building_tests' from command line to 'False'
[1.059s] DEBUG:colcon.colcon_core.verb:Building package 'aruco_detector_py' with the following arguments: {'ament_cmake_args': None, 'build_base': '/home/drone/ArUco_ws/build/aruco_detector_py', 'catkin_cmake_args': None, 'catkin_skip_building_tests': False, 'cmake_args': None, 'cmake_clean_cache': False, 'cmake_clean_first': False, 'cmake_force_configure': False, 'cmake_target': None, 'cmake_target_skip_unavailable': False, 'install_base': '/home/drone/ArUco_ws/install/aruco_detector_py', 'merge_install': False, 'path': '/home/drone/ArUco_ws/src/aruco_detector_py', 'symlink_install': True, 'test_result_base': None}
[1.059s] INFO:colcon.colcon_core.executor:Executing jobs using 'parallel' executor
[1.063s] DEBUG:colcon.colcon_parallel_executor.executor.parallel:run_until_complete
[1.066s] INFO:colcon.colcon_ros.task.ament_python.build:Building ROS package in '/home/drone/ArUco_ws/src/aruco_detector_py' with build type 'ament_python'
[1.067s] Level 1:colcon.colcon_core.shell:create_environment_hook('aruco_detector_py', 'ament_prefix_path')
[1.078s] INFO:colcon.colcon_core.plugin_system:Skipping extension 'colcon_core.shell.bat': Not used on non-Windows systems
[1.079s] INFO:colcon.colcon_core.shell:Creating environment hook '/home/drone/ArUco_ws/install/aruco_detector_py/share/aruco_detector_py/hook/ament_prefix_path.ps1'
[1.083s] INFO:colcon.colcon_core.shell:Creating environment descriptor '/home/drone/ArUco_ws/install/aruco_detector_py/share/aruco_detector_py/hook/ament_prefix_path.dsv'
[1.086s] INFO:colcon.colcon_core.shell:Creating environment hook '/home/drone/ArUco_ws/install/aruco_detector_py/share/aruco_detector_py/hook/ament_prefix_path.sh'
[1.088s] INFO:colcon.colcon_core.shell:Skip shell extension 'powershell' for command environment: Not usable outside of PowerShell
[1.088s] DEBUG:colcon.colcon_core.shell:Skip shell extension 'dsv' for command environment
[2.079s] INFO:colcon.colcon_core.task.python.build:Building Python package in '/home/drone/ArUco_ws/src/aruco_detector_py'
[2.081s] INFO:colcon.colcon_core.shell:Skip shell extension 'powershell' for command environment: Not usable outside of PowerShell
[2.081s] DEBUG:colcon.colcon_core.shell:Skip shell extension 'dsv' for command environment
[3.875s] DEBUG:colcon.colcon_core.event_handler.log_command:Invoking command in '/home/drone/ArUco_ws/build/aruco_detector_py': DEBUGINFOD_URLS=https://debuginfod.ubuntu.com PYTHONPATH=/home/drone/ArUco_ws/build/aruco_detector_py/prefix_override:/usr/lib/python3/dist-packages/colcon_core/task/python/colcon_distutils_commands:/home/drone/ArUco_ws/install/aruco_detector_py/lib/python3.12/site-packages:${PYTHONPATH} /usr/bin/python3 -W ignore:setup.py install is deprecated -W ignore:easy_install command is deprecated setup.py develop --editable --build-directory /home/drone/ArUco_ws/build/aruco_detector_py/build --no-deps symlink_data
[5.616s] Level 1:colcon.colcon_core.shell:create_environment_hook('aruco_detector_py', 'pythonpath_develop')
[5.617s] INFO:colcon.colcon_core.shell:Creating environment hook '/home/drone/ArUco_ws/build/aruco_detector_py/share/aruco_detector_py/hook/pythonpath_develop.ps1'
[5.618s] INFO:colcon.colcon_core.shell:Creating environment descriptor '/home/drone/ArUco_ws/build/aruco_detector_py/share/aruco_detector_py/hook/pythonpath_develop.dsv'
[5.619s] DEBUG:colcon.colcon_core.event_handler.log_command:Invoked command in '/home/drone/ArUco_ws/build/aruco_detector_py' returned '0': DEBUGINFOD_URLS=https://debuginfod.ubuntu.com PYTHONPATH=/home/drone/ArUco_ws/build/aruco_detector_py/prefix_override:/usr/lib/python3/dist-packages/colcon_core/task/python/colcon_distutils_commands:/home/drone/ArUco_ws/install/aruco_detector_py/lib/python3.12/site-packages:${PYTHONPATH} /usr/bin/python3 -W ignore:setup.py install is deprecated -W ignore:easy_install command is deprecated setup.py develop --editable --build-directory /home/drone/ArUco_ws/build/aruco_detector_py/build --no-deps symlink_data
[5.621s] INFO:colcon.colcon_core.shell:Creating environment hook '/home/drone/ArUco_ws/build/aruco_detector_py/share/aruco_detector_py/hook/pythonpath_develop.sh'
[5.629s] Level 1:colcon.colcon_core.environment:checking '/home/drone/ArUco_ws/install/aruco_detector_py' for CMake module files
[5.631s] Level 1:colcon.colcon_core.environment:checking '/home/drone/ArUco_ws/install/aruco_detector_py' for CMake config files
[5.633s] Level 1:colcon.colcon_core.environment:checking '/home/drone/ArUco_ws/install/aruco_detector_py/lib'
[5.635s] Level 1:colcon.colcon_core.environment:checking '/home/drone/ArUco_ws/install/aruco_detector_py/bin'
[5.635s] Level 1:colcon.colcon_core.environment:checking '/home/drone/ArUco_ws/install/aruco_detector_py/lib/pkgconfig/aruco_detector_py.pc'
[5.636s] Level 1:colcon.colcon_core.environment:checking '/home/drone/ArUco_ws/install/aruco_detector_py/lib/python3.12/site-packages'
[5.636s] Level 1:colcon.colcon_core.shell:create_environment_hook('aruco_detector_py', 'pythonpath')
[5.637s] INFO:colcon.colcon_core.shell:Creating environment hook '/home/drone/ArUco_ws/install/aruco_detector_py/share/aruco_detector_py/hook/pythonpath.ps1'
[5.638s] INFO:colcon.colcon_core.shell:Creating environment descriptor '/home/drone/ArUco_ws/install/aruco_detector_py/share/aruco_detector_py/hook/pythonpath.dsv'
[5.640s] INFO:colcon.colcon_core.shell:Creating environment hook '/home/drone/ArUco_ws/install/aruco_detector_py/share/aruco_detector_py/hook/pythonpath.sh'
[5.645s] Level 1:colcon.colcon_core.environment:checking '/home/drone/ArUco_ws/install/aruco_detector_py/bin'
[5.645s] Level 1:colcon.colcon_core.environment:create_environment_scripts_only(aruco_detector_py)
[5.646s] INFO:colcon.colcon_core.shell:Creating package script '/home/drone/ArUco_ws/install/aruco_detector_py/share/aruco_detector_py/package.ps1'
[5.648s] INFO:colcon.colcon_core.shell:Creating package descriptor '/home/drone/ArUco_ws/install/aruco_detector_py/share/aruco_detector_py/package.dsv'
[5.649s] INFO:colcon.colcon_core.shell:Creating package script '/home/drone/ArUco_ws/install/aruco_detector_py/share/aruco_detector_py/package.sh'
[5.652s] INFO:colcon.colcon_core.shell:Creating package script '/home/drone/ArUco_ws/install/aruco_detector_py/share/aruco_detector_py/package.bash'
[5.654s] INFO:colcon.colcon_core.shell:Creating package script '/home/drone/ArUco_ws/install/aruco_detector_py/share/aruco_detector_py/package.zsh'
[5.655s] Level 1:colcon.colcon_core.environment:create_file_with_runtime_dependencies(/home/drone/ArUco_ws/install/aruco_detector_py/share/colcon-core/packages/aruco_detector_py)
[5.657s] DEBUG:colcon.colcon_parallel_executor.executor.parallel:closing loop
[5.658s] DEBUG:colcon.colcon_parallel_executor.executor.parallel:loop closed
[5.660s] DEBUG:colcon.colcon_parallel_executor.executor.parallel:run_until_complete finished with '0'
[5.660s] DEBUG:colcon.colcon_core.event_reactor:joining thread
[5.683s] INFO:colcon.colcon_core.plugin_system:Skipping extension 'colcon_notification.desktop_notification.terminal_notifier': Not used on non-Darwin systems
[5.683s] INFO:colcon.colcon_core.plugin_system:Skipping extension 'colcon_notification.desktop_notification.win32': Not used on non-Windows systems
[5.683s] INFO:colcon.colcon_notification.desktop_notification:Sending desktop notification using 'notify2'
[5.729s] DEBUG:colcon.colcon_core.event_reactor:joined thread
[5.730s] INFO:colcon.colcon_core.shell:Creating prefix script '/home/drone/ArUco_ws/install/local_setup.ps1'
[5.733s] INFO:colcon.colcon_core.shell:Creating prefix util module '/home/drone/ArUco_ws/install/_local_setup_util_ps1.py'
[5.738s] INFO:colcon.colcon_core.shell:Creating prefix chain script '/home/drone/ArUco_ws/install/setup.ps1'
[5.740s] INFO:colcon.colcon_core.shell:Creating prefix script '/home/drone/ArUco_ws/install/local_setup.sh'
[5.742s] INFO:colcon.colcon_core.shell:Creating prefix util module '/home/drone/ArUco_ws/install/_local_setup_util_sh.py'
[5.744s] INFO:colcon.colcon_core.shell:Creating prefix chain script '/home/drone/ArUco_ws/install/setup.sh'
[5.747s] INFO:colcon.colcon_core.shell:Creating prefix script '/home/drone/ArUco_ws/install/local_setup.bash'
[5.749s] INFO:colcon.colcon_core.shell:Creating prefix chain script '/home/drone/ArUco_ws/install/setup.bash'
[5.752s] INFO:colcon.colcon_core.shell:Creating prefix script '/home/drone/ArUco_ws/install/local_setup.zsh'
[5.753s] INFO:colcon.colcon_core.shell:Creating prefix chain script '/home/drone/ArUco_ws/install/setup.zsh'
