running develop
running egg_info
creating aruco_detector_py.egg-info
writing aruco_detector_py.egg-info/PKG-INFO
writing dependency_links to aruco_detector_py.egg-info/dependency_links.txt
writing entry points to aruco_detector_py.egg-info/entry_points.txt
writing requirements to aruco_detector_py.egg-info/requires.txt
writing top-level names to aruco_detector_py.egg-info/top_level.txt
writing manifest file 'aruco_detector_py.egg-info/SOURCES.txt'
reading manifest file 'aruco_detector_py.egg-info/SOURCES.txt'
writing manifest file 'aruco_detector_py.egg-info/SOURCES.txt'
running build_ext
Creating /home/drone/ArUco_ws/install/aruco_detector_py/lib/python3.12/site-packages/aruco-detector-py.egg-link (link to .)
Installing aruco_detector_node script to /home/drone/ArUco_ws/install/aruco_detector_py/lib/aruco_detector_py

Installed /home/drone/ArUco_ws/build/aruco_detector_py
running symlink_data
creating /home/drone/ArUco_ws/install/aruco_detector_py/share/ament_index
creating /home/drone/ArUco_ws/install/aruco_detector_py/share/ament_index/resource_index
creating /home/drone/ArUco_ws/install/aruco_detector_py/share/ament_index/resource_index/packages
symbolically linking /home/drone/ArUco_ws/build/aruco_detector_py/resource/aruco_detector_py -> /home/drone/ArUco_ws/install/aruco_detector_py/share/ament_index/resource_index/packages
symbolically linking /home/drone/ArUco_ws/build/aruco_detector_py/package.xml -> /home/drone/ArUco_ws/install/aruco_detector_py/share/aruco_detector_py
