[0.210s] DEBUG:colcon:Command line arguments: ['/usr/bin/colcon', 'build', '--symlink-install']
[0.211s] DEBUG:colcon:Parsed command line arguments: Namespace(log_base=None, log_level=None, verb_name='build', build_base='build', install_base='install', merge_install=False, symlink_install=True, test_result_base=None, continue_on_error=False, executor='parallel', parallel_workers=4, event_handlers=None, ignore_user_meta=False, metas=['./colcon.meta'], base_paths=['.'], packages_ignore=None, packages_ignore_regex=None, paths=None, packages_up_to=None, packages_up_to_regex=None, packages_above=None, packages_above_and_dependencies=None, packages_above_depth=None, packages_select_by_dep=None, packages_skip_by_dep=None, packages_skip_up_to=None, packages_select_build_failed=False, packages_skip_build_finished=False, packages_select_test_failures=False, packages_skip_test_passed=False, packages_select=None, packages_skip=None, packages_select_regex=None, packages_skip_regex=None, packages_start=None, packages_end=None, allow_overriding=[], cmake_args=None, cmake_target=None, cmake_target_skip_unavailable=False, cmake_clean_cache=False, cmake_clean_first=False, cmake_force_configure=False, ament_cmake_args=None, catkin_cmake_args=None, catkin_skip_building_tests=False, mixin_files=None, mixin=None, verb_parser=<colcon_mixin.mixin.mixin_argument.MixinArgumentDecorator object at 0xffff8bcbbce0>, verb_extension=<colcon_core.verb.build.BuildVerb object at 0xffff8bcbba10>, main=<bound method BuildVerb.main of <colcon_core.verb.build.BuildVerb object at 0xffff8bcbba10>>, mixin_verb=('build',))
[0.285s] Level 1:colcon.colcon_core.package_discovery:discover_packages(colcon_meta) check parameters
[0.286s] Level 1:colcon.colcon_core.package_discovery:discover_packages(recursive) check parameters
[0.286s] Level 1:colcon.colcon_core.package_discovery:discover_packages(ignore) check parameters
[0.286s] Level 1:colcon.colcon_core.package_discovery:discover_packages(path) check parameters
[0.286s] Level 1:colcon.colcon_core.package_discovery:discover_packages(colcon_meta) discover
[0.286s] Level 1:colcon.colcon_core.package_discovery:discover_packages(recursive) discover
[0.286s] INFO:colcon.colcon_core.package_discovery:Crawling recursively for packages in '/home/drone/ArUco_ws'
[0.286s] Level 1:colcon.colcon_core.package_identification:_identify(.) by extensions ['ignore', 'ignore_ament_install']
[0.286s] Level 1:colcon.colcon_core.package_identification:_identify(.) by extension 'ignore'
[0.286s] Level 1:colcon.colcon_core.package_identification:_identify(.) by extension 'ignore_ament_install'
[0.286s] Level 1:colcon.colcon_core.package_identification:_identify(.) by extensions ['colcon_pkg']
[0.286s] Level 1:colcon.colcon_core.package_identification:_identify(.) by extension 'colcon_pkg'
[0.286s] Level 1:colcon.colcon_core.package_identification:_identify(.) by extensions ['colcon_meta']
[0.286s] Level 1:colcon.colcon_core.package_identification:_identify(.) by extension 'colcon_meta'
[0.287s] Level 1:colcon.colcon_core.package_identification:_identify(.) by extensions ['ros']
[0.287s] Level 1:colcon.colcon_core.package_identification:_identify(.) by extension 'ros'
[0.329s] Level 1:colcon.colcon_core.package_identification:_identify(.) by extensions ['cmake', 'python']
[0.330s] Level 1:colcon.colcon_core.package_identification:_identify(.) by extension 'cmake'
[0.330s] Level 1:colcon.colcon_core.package_identification:_identify(.) by extension 'python'
[0.330s] Level 1:colcon.colcon_core.package_identification:_identify(.) by extensions ['python_setup_py']
[0.330s] Level 1:colcon.colcon_core.package_identification:_identify(.) by extension 'python_setup_py'
[0.330s] Level 1:colcon.colcon_core.package_identification:_identify(Log) by extensions ['ignore', 'ignore_ament_install']
[0.330s] Level 1:colcon.colcon_core.package_identification:_identify(Log) by extension 'ignore'
[0.330s] Level 1:colcon.colcon_core.package_identification:_identify(Log) by extension 'ignore_ament_install'
[0.330s] Level 1:colcon.colcon_core.package_identification:_identify(Log) by extensions ['colcon_pkg']
[0.330s] Level 1:colcon.colcon_core.package_identification:_identify(Log) by extension 'colcon_pkg'
[0.330s] Level 1:colcon.colcon_core.package_identification:_identify(Log) by extensions ['colcon_meta']
[0.330s] Level 1:colcon.colcon_core.package_identification:_identify(Log) by extension 'colcon_meta'
[0.330s] Level 1:colcon.colcon_core.package_identification:_identify(Log) by extensions ['ros']
[0.330s] Level 1:colcon.colcon_core.package_identification:_identify(Log) by extension 'ros'
[0.330s] Level 1:colcon.colcon_core.package_identification:_identify(Log) by extensions ['cmake', 'python']
[0.330s] Level 1:colcon.colcon_core.package_identification:_identify(Log) by extension 'cmake'
[0.330s] Level 1:colcon.colcon_core.package_identification:_identify(Log) by extension 'python'
[0.331s] Level 1:colcon.colcon_core.package_identification:_identify(Log) by extensions ['python_setup_py']
[0.331s] Level 1:colcon.colcon_core.package_identification:_identify(Log) by extension 'python_setup_py'
[0.331s] Level 1:colcon.colcon_core.package_identification:_identify(build) by extensions ['ignore', 'ignore_ament_install']
[0.331s] Level 1:colcon.colcon_core.package_identification:_identify(build) by extension 'ignore'
[0.331s] Level 1:colcon.colcon_core.package_identification:_identify(build) ignored
[0.331s] Level 1:colcon.colcon_core.package_identification:_identify(install) by extensions ['ignore', 'ignore_ament_install']
[0.331s] Level 1:colcon.colcon_core.package_identification:_identify(install) by extension 'ignore'
[0.331s] Level 1:colcon.colcon_core.package_identification:_identify(install) ignored
[0.331s] Level 1:colcon.colcon_core.package_identification:_identify(log) by extensions ['ignore', 'ignore_ament_install']
[0.331s] Level 1:colcon.colcon_core.package_identification:_identify(log) by extension 'ignore'
[0.331s] Level 1:colcon.colcon_core.package_identification:_identify(log) ignored
[0.331s] Level 1:colcon.colcon_core.package_identification:_identify(src) by extensions ['ignore', 'ignore_ament_install']
[0.331s] Level 1:colcon.colcon_core.package_identification:_identify(src) by extension 'ignore'
[0.332s] Level 1:colcon.colcon_core.package_identification:_identify(src) by extension 'ignore_ament_install'
[0.332s] Level 1:colcon.colcon_core.package_identification:_identify(src) by extensions ['colcon_pkg']
[0.332s] Level 1:colcon.colcon_core.package_identification:_identify(src) by extension 'colcon_pkg'
[0.332s] Level 1:colcon.colcon_core.package_identification:_identify(src) by extensions ['colcon_meta']
[0.332s] Level 1:colcon.colcon_core.package_identification:_identify(src) by extension 'colcon_meta'
[0.332s] Level 1:colcon.colcon_core.package_identification:_identify(src) by extensions ['ros']
[0.332s] Level 1:colcon.colcon_core.package_identification:_identify(src) by extension 'ros'
[0.332s] Level 1:colcon.colcon_core.package_identification:_identify(src) by extensions ['cmake', 'python']
[0.332s] Level 1:colcon.colcon_core.package_identification:_identify(src) by extension 'cmake'
[0.332s] Level 1:colcon.colcon_core.package_identification:_identify(src) by extension 'python'
[0.332s] Level 1:colcon.colcon_core.package_identification:_identify(src) by extensions ['python_setup_py']
[0.332s] Level 1:colcon.colcon_core.package_identification:_identify(src) by extension 'python_setup_py'
[0.332s] Level 1:colcon.colcon_core.package_identification:_identify(src/aruco_detector_py) by extensions ['ignore', 'ignore_ament_install']
[0.332s] Level 1:colcon.colcon_core.package_identification:_identify(src/aruco_detector_py) by extension 'ignore'
[0.332s] Level 1:colcon.colcon_core.package_identification:_identify(src/aruco_detector_py) by extension 'ignore_ament_install'
[0.332s] Level 1:colcon.colcon_core.package_identification:_identify(src/aruco_detector_py) by extensions ['colcon_pkg']
[0.332s] Level 1:colcon.colcon_core.package_identification:_identify(src/aruco_detector_py) by extension 'colcon_pkg'
[0.332s] Level 1:colcon.colcon_core.package_identification:_identify(src/aruco_detector_py) by extensions ['colcon_meta']
[0.332s] Level 1:colcon.colcon_core.package_identification:_identify(src/aruco_detector_py) by extension 'colcon_meta'
[0.333s] Level 1:colcon.colcon_core.package_identification:_identify(src/aruco_detector_py) by extensions ['ros']
[0.333s] Level 1:colcon.colcon_core.package_identification:_identify(src/aruco_detector_py) by extension 'ros'
[0.336s] DEBUG:colcon.colcon_core.package_identification:Package 'src/aruco_detector_py' with type 'ros.ament_python' and name 'aruco_detector_py'
[0.336s] Level 1:colcon.colcon_core.package_discovery:discover_packages(recursive) using defaults
[0.336s] Level 1:colcon.colcon_core.package_discovery:discover_packages(ignore) discover
[0.336s] Level 1:colcon.colcon_core.package_discovery:discover_packages(ignore) using defaults
[0.336s] Level 1:colcon.colcon_core.package_discovery:discover_packages(path) discover
[0.336s] Level 1:colcon.colcon_core.package_discovery:discover_packages(path) using defaults
[0.363s] Level 1:colcon.colcon_core.package_discovery:discover_packages(prefix_path) check parameters
[0.363s] Level 1:colcon.colcon_core.package_discovery:discover_packages(prefix_path) discover
[0.364s] WARNING:colcon.colcon_ros.prefix_path.ament:The path '/home/drone/ArUco_ws/install/aruco_detector_py' in the environment variable AMENT_PREFIX_PATH doesn't exist
[0.364s] WARNING:colcon.colcon_ros.prefix_path.ament:The path '/home/drone/ArUco_ws/install/aruco_msgs_py' in the environment variable AMENT_PREFIX_PATH doesn't exist
[0.365s] DEBUG:colcon.colcon_installed_package_information.package_discovery:Found 0 installed packages in /home/drone/ArUco_ws/install
[0.366s] DEBUG:colcon.colcon_installed_package_information.package_discovery:Found 1 installed packages in /home/drone/cartographer_ws/install
[0.367s] DEBUG:colcon.colcon_installed_package_information.package_discovery:Found 3 installed packages in /home/drone/ros2_ws/install
[0.367s] DEBUG:colcon.colcon_installed_package_information.package_discovery:Found 1 installed packages in /home/drone/ydlidar_ros2_ws/install
[0.370s] DEBUG:colcon.colcon_installed_package_information.package_discovery:Found 422 installed packages in /opt/ros/jazzy
[0.374s] Level 1:colcon.colcon_core.package_discovery:discover_packages(prefix_path) using defaults
[0.500s] Level 5:colcon.colcon_core.verb:set package 'aruco_detector_py' build argument 'cmake_args' from command line to 'None'
[0.500s] Level 5:colcon.colcon_core.verb:set package 'aruco_detector_py' build argument 'cmake_target' from command line to 'None'
[0.500s] Level 5:colcon.colcon_core.verb:set package 'aruco_detector_py' build argument 'cmake_target_skip_unavailable' from command line to 'False'
[0.500s] Level 5:colcon.colcon_core.verb:set package 'aruco_detector_py' build argument 'cmake_clean_cache' from command line to 'False'
[0.500s] Level 5:colcon.colcon_core.verb:set package 'aruco_detector_py' build argument 'cmake_clean_first' from command line to 'False'
[0.500s] Level 5:colcon.colcon_core.verb:set package 'aruco_detector_py' build argument 'cmake_force_configure' from command line to 'False'
[0.500s] Level 5:colcon.colcon_core.verb:set package 'aruco_detector_py' build argument 'ament_cmake_args' from command line to 'None'
[0.500s] Level 5:colcon.colcon_core.verb:set package 'aruco_detector_py' build argument 'catkin_cmake_args' from command line to 'None'
[0.500s] Level 5:colcon.colcon_core.verb:set package 'aruco_detector_py' build argument 'catkin_skip_building_tests' from command line to 'False'
[0.500s] DEBUG:colcon.colcon_core.verb:Building package 'aruco_detector_py' with the following arguments: {'ament_cmake_args': None, 'build_base': '/home/drone/ArUco_ws/build/aruco_detector_py', 'catkin_cmake_args': None, 'catkin_skip_building_tests': False, 'cmake_args': None, 'cmake_clean_cache': False, 'cmake_clean_first': False, 'cmake_force_configure': False, 'cmake_target': None, 'cmake_target_skip_unavailable': False, 'install_base': '/home/drone/ArUco_ws/install/aruco_detector_py', 'merge_install': False, 'path': '/home/drone/ArUco_ws/src/aruco_detector_py', 'symlink_install': True, 'test_result_base': None}
[0.501s] INFO:colcon.colcon_core.executor:Executing jobs using 'parallel' executor
[0.502s] DEBUG:colcon.colcon_parallel_executor.executor.parallel:run_until_complete
[0.503s] INFO:colcon.colcon_ros.task.ament_python.build:Building ROS package in '/home/drone/ArUco_ws/src/aruco_detector_py' with build type 'ament_python'
[0.503s] Level 1:colcon.colcon_core.shell:create_environment_hook('aruco_detector_py', 'ament_prefix_path')
[0.506s] INFO:colcon.colcon_core.plugin_system:Skipping extension 'colcon_core.shell.bat': Not used on non-Windows systems
[0.507s] INFO:colcon.colcon_core.shell:Creating environment hook '/home/drone/ArUco_ws/install/aruco_detector_py/share/aruco_detector_py/hook/ament_prefix_path.ps1'
[0.508s] INFO:colcon.colcon_core.shell:Creating environment descriptor '/home/drone/ArUco_ws/install/aruco_detector_py/share/aruco_detector_py/hook/ament_prefix_path.dsv'
[0.509s] INFO:colcon.colcon_core.shell:Creating environment hook '/home/drone/ArUco_ws/install/aruco_detector_py/share/aruco_detector_py/hook/ament_prefix_path.sh'
[0.510s] INFO:colcon.colcon_core.shell:Skip shell extension 'powershell' for command environment: Not usable outside of PowerShell
[0.510s] DEBUG:colcon.colcon_core.shell:Skip shell extension 'dsv' for command environment
[1.363s] INFO:colcon.colcon_core.task.python.build:Building Python package in '/home/drone/ArUco_ws/src/aruco_detector_py'
[1.365s] INFO:colcon.colcon_core.shell:Skip shell extension 'powershell' for command environment: Not usable outside of PowerShell
[1.366s] DEBUG:colcon.colcon_core.shell:Skip shell extension 'dsv' for command environment
[3.153s] DEBUG:colcon.colcon_core.event_handler.log_command:Invoking command in '/home/drone/ArUco_ws/build/aruco_detector_py': DEBUGINFOD_URLS=https://debuginfod.ubuntu.com PYTHONPATH=/home/drone/ArUco_ws/build/aruco_detector_py/prefix_override:/usr/lib/python3/dist-packages/colcon_core/task/python/colcon_distutils_commands:/home/drone/ArUco_ws/install/aruco_detector_py/lib/python3.12/site-packages:${PYTHONPATH} /usr/bin/python3 -W ignore:setup.py install is deprecated -W ignore:easy_install command is deprecated setup.py develop --editable --build-directory /home/drone/ArUco_ws/build/aruco_detector_py/build --no-deps symlink_data
[4.865s] Level 1:colcon.colcon_core.shell:create_environment_hook('aruco_detector_py', 'pythonpath_develop')
[4.866s] INFO:colcon.colcon_core.shell:Creating environment hook '/home/drone/ArUco_ws/build/aruco_detector_py/share/aruco_detector_py/hook/pythonpath_develop.ps1'
[4.867s] INFO:colcon.colcon_core.shell:Creating environment descriptor '/home/drone/ArUco_ws/build/aruco_detector_py/share/aruco_detector_py/hook/pythonpath_develop.dsv'
[4.867s] INFO:colcon.colcon_core.shell:Creating environment hook '/home/drone/ArUco_ws/build/aruco_detector_py/share/aruco_detector_py/hook/pythonpath_develop.sh'
[4.869s] DEBUG:colcon.colcon_core.event_handler.log_command:Invoked command in '/home/drone/ArUco_ws/build/aruco_detector_py' returned '0': DEBUGINFOD_URLS=https://debuginfod.ubuntu.com PYTHONPATH=/home/drone/ArUco_ws/build/aruco_detector_py/prefix_override:/usr/lib/python3/dist-packages/colcon_core/task/python/colcon_distutils_commands:/home/drone/ArUco_ws/install/aruco_detector_py/lib/python3.12/site-packages:${PYTHONPATH} /usr/bin/python3 -W ignore:setup.py install is deprecated -W ignore:easy_install command is deprecated setup.py develop --editable --build-directory /home/drone/ArUco_ws/build/aruco_detector_py/build --no-deps symlink_data
[4.874s] Level 1:colcon.colcon_core.environment:checking '/home/drone/ArUco_ws/install/aruco_detector_py' for CMake module files
[4.875s] Level 1:colcon.colcon_core.environment:checking '/home/drone/ArUco_ws/install/aruco_detector_py' for CMake config files
[4.876s] Level 1:colcon.colcon_core.environment:checking '/home/drone/ArUco_ws/install/aruco_detector_py/lib'
[4.877s] Level 1:colcon.colcon_core.environment:checking '/home/drone/ArUco_ws/install/aruco_detector_py/bin'
[4.877s] Level 1:colcon.colcon_core.environment:checking '/home/drone/ArUco_ws/install/aruco_detector_py/lib/pkgconfig/aruco_detector_py.pc'
[4.877s] Level 1:colcon.colcon_core.environment:checking '/home/drone/ArUco_ws/install/aruco_detector_py/lib/python3.12/site-packages'
[4.878s] Level 1:colcon.colcon_core.shell:create_environment_hook('aruco_detector_py', 'pythonpath')
[4.878s] INFO:colcon.colcon_core.shell:Creating environment hook '/home/drone/ArUco_ws/install/aruco_detector_py/share/aruco_detector_py/hook/pythonpath.ps1'
[4.879s] INFO:colcon.colcon_core.shell:Creating environment descriptor '/home/drone/ArUco_ws/install/aruco_detector_py/share/aruco_detector_py/hook/pythonpath.dsv'
[4.880s] INFO:colcon.colcon_core.shell:Creating environment hook '/home/drone/ArUco_ws/install/aruco_detector_py/share/aruco_detector_py/hook/pythonpath.sh'
[4.881s] Level 1:colcon.colcon_core.environment:checking '/home/drone/ArUco_ws/install/aruco_detector_py/bin'
[4.881s] Level 1:colcon.colcon_core.environment:create_environment_scripts_only(aruco_detector_py)
[4.882s] INFO:colcon.colcon_core.shell:Creating package script '/home/drone/ArUco_ws/install/aruco_detector_py/share/aruco_detector_py/package.ps1'
[4.885s] INFO:colcon.colcon_core.shell:Creating package descriptor '/home/drone/ArUco_ws/install/aruco_detector_py/share/aruco_detector_py/package.dsv'
[4.886s] INFO:colcon.colcon_core.shell:Creating package script '/home/drone/ArUco_ws/install/aruco_detector_py/share/aruco_detector_py/package.sh'
[4.887s] INFO:colcon.colcon_core.shell:Creating package script '/home/drone/ArUco_ws/install/aruco_detector_py/share/aruco_detector_py/package.bash'
[4.889s] INFO:colcon.colcon_core.shell:Creating package script '/home/drone/ArUco_ws/install/aruco_detector_py/share/aruco_detector_py/package.zsh'
[4.890s] Level 1:colcon.colcon_core.environment:create_file_with_runtime_dependencies(/home/drone/ArUco_ws/install/aruco_detector_py/share/colcon-core/packages/aruco_detector_py)
[4.891s] DEBUG:colcon.colcon_parallel_executor.executor.parallel:closing loop
[4.892s] DEBUG:colcon.colcon_parallel_executor.executor.parallel:loop closed
[4.892s] DEBUG:colcon.colcon_parallel_executor.executor.parallel:run_until_complete finished with '0'
[4.893s] DEBUG:colcon.colcon_core.event_reactor:joining thread
[4.913s] INFO:colcon.colcon_core.plugin_system:Skipping extension 'colcon_notification.desktop_notification.terminal_notifier': Not used on non-Darwin systems
[4.913s] INFO:colcon.colcon_core.plugin_system:Skipping extension 'colcon_notification.desktop_notification.win32': Not used on non-Windows systems
[4.913s] INFO:colcon.colcon_notification.desktop_notification:Sending desktop notification using 'notify2'
[4.971s] DEBUG:colcon.colcon_core.event_reactor:joined thread
[4.972s] INFO:colcon.colcon_core.shell:Creating prefix script '/home/drone/ArUco_ws/install/local_setup.ps1'
[4.974s] INFO:colcon.colcon_core.shell:Creating prefix util module '/home/drone/ArUco_ws/install/_local_setup_util_ps1.py'
[4.977s] INFO:colcon.colcon_core.shell:Creating prefix chain script '/home/drone/ArUco_ws/install/setup.ps1'
[4.981s] INFO:colcon.colcon_core.shell:Creating prefix script '/home/drone/ArUco_ws/install/local_setup.sh'
[4.982s] INFO:colcon.colcon_core.shell:Creating prefix util module '/home/drone/ArUco_ws/install/_local_setup_util_sh.py'
[4.984s] INFO:colcon.colcon_core.shell:Creating prefix chain script '/home/drone/ArUco_ws/install/setup.sh'
[4.986s] INFO:colcon.colcon_core.shell:Creating prefix script '/home/drone/ArUco_ws/install/local_setup.bash'
[4.988s] INFO:colcon.colcon_core.shell:Creating prefix chain script '/home/drone/ArUco_ws/install/setup.bash'
[4.990s] INFO:colcon.colcon_core.shell:Creating prefix script '/home/drone/ArUco_ws/install/local_setup.zsh'
[4.991s] INFO:colcon.colcon_core.shell:Creating prefix chain script '/home/drone/ArUco_ws/install/setup.zsh'
