[0.612s] DEBUG:colcon:Command line arguments: ['/usr/bin/colcon', 'build', '--packages-select', 'tmini_cartographer_py']
[0.614s] DEBUG:colcon:Parsed command line arguments: Namespace(log_base=None, log_level=None, verb_name='build', build_base='build', install_base='install', merge_install=False, symlink_install=False, test_result_base=None, continue_on_error=False, executor='parallel', parallel_workers=4, event_handlers=None, ignore_user_meta=False, metas=['./colcon.meta'], base_paths=['.'], packages_ignore=None, packages_ignore_regex=None, paths=None, packages_up_to=None, packages_up_to_regex=None, packages_above=None, packages_above_and_dependencies=None, packages_above_depth=None, packages_select_by_dep=None, packages_skip_by_dep=None, packages_skip_up_to=None, packages_select_build_failed=False, packages_skip_build_finished=False, packages_select_test_failures=False, packages_skip_test_passed=False, packages_select=['tmini_cartographer_py'], packages_skip=None, packages_select_regex=None, packages_skip_regex=None, packages_start=None, packages_end=None, allow_overriding=[], cmake_args=None, cmake_target=None, cmake_target_skip_unavailable=False, cmake_clean_cache=False, cmake_clean_first=False, cmake_force_configure=False, ament_cmake_args=None, catkin_cmake_args=None, catkin_skip_building_tests=False, mixin_files=None, mixin=None, verb_parser=<colcon_mixin.mixin.mixin_argument.MixinArgumentDecorator object at 0xffffb4c12cf0>, verb_extension=<colcon_core.verb.build.BuildVerb object at 0xffffb4c12b10>, main=<bound method BuildVerb.main of <colcon_core.verb.build.BuildVerb object at 0xffffb4c12b10>>, mixin_verb=('build',))
[0.809s] Level 1:colcon.colcon_core.package_discovery:discover_packages(colcon_meta) check parameters
[0.810s] Level 1:colcon.colcon_core.package_discovery:discover_packages(recursive) check parameters
[0.811s] Level 1:colcon.colcon_core.package_discovery:discover_packages(ignore) check parameters
[0.811s] Level 1:colcon.colcon_core.package_discovery:discover_packages(path) check parameters
[0.811s] Level 1:colcon.colcon_core.package_discovery:discover_packages(colcon_meta) discover
[0.812s] Level 1:colcon.colcon_core.package_discovery:discover_packages(recursive) discover
[0.812s] INFO:colcon.colcon_core.package_discovery:Crawling recursively for packages in '/home/drone/cartographer_ws'
[0.813s] Level 1:colcon.colcon_core.package_identification:_identify(.) by extensions ['ignore', 'ignore_ament_install']
[0.813s] Level 1:colcon.colcon_core.package_identification:_identify(.) by extension 'ignore'
[0.815s] Level 1:colcon.colcon_core.package_identification:_identify(.) by extension 'ignore_ament_install'
[0.816s] Level 1:colcon.colcon_core.package_identification:_identify(.) by extensions ['colcon_pkg']
[0.817s] Level 1:colcon.colcon_core.package_identification:_identify(.) by extension 'colcon_pkg'
[0.818s] Level 1:colcon.colcon_core.package_identification:_identify(.) by extensions ['colcon_meta']
[0.818s] Level 1:colcon.colcon_core.package_identification:_identify(.) by extension 'colcon_meta'
[0.818s] Level 1:colcon.colcon_core.package_identification:_identify(.) by extensions ['ros']
[0.819s] Level 1:colcon.colcon_core.package_identification:_identify(.) by extension 'ros'
[0.932s] Level 1:colcon.colcon_core.package_identification:_identify(.) by extensions ['cmake', 'python']
[0.933s] Level 1:colcon.colcon_core.package_identification:_identify(.) by extension 'cmake'
[0.933s] Level 1:colcon.colcon_core.package_identification:_identify(.) by extension 'python'
[0.933s] Level 1:colcon.colcon_core.package_identification:_identify(.) by extensions ['python_setup_py']
[0.933s] Level 1:colcon.colcon_core.package_identification:_identify(.) by extension 'python_setup_py'
[0.933s] Level 1:colcon.colcon_core.package_identification:_identify(build) by extensions ['ignore', 'ignore_ament_install']
[0.934s] Level 1:colcon.colcon_core.package_identification:_identify(build) by extension 'ignore'
[0.934s] Level 1:colcon.colcon_core.package_identification:_identify(build) ignored
[0.934s] Level 1:colcon.colcon_core.package_identification:_identify(install) by extensions ['ignore', 'ignore_ament_install']
[0.935s] Level 1:colcon.colcon_core.package_identification:_identify(install) by extension 'ignore'
[0.935s] Level 1:colcon.colcon_core.package_identification:_identify(install) ignored
[0.935s] Level 1:colcon.colcon_core.package_identification:_identify(log) by extensions ['ignore', 'ignore_ament_install']
[0.935s] Level 1:colcon.colcon_core.package_identification:_identify(log) by extension 'ignore'
[0.935s] Level 1:colcon.colcon_core.package_identification:_identify(log) ignored
[0.935s] Level 1:colcon.colcon_core.package_identification:_identify(src) by extensions ['ignore', 'ignore_ament_install']
[0.935s] Level 1:colcon.colcon_core.package_identification:_identify(src) by extension 'ignore'
[0.936s] Level 1:colcon.colcon_core.package_identification:_identify(src) by extension 'ignore_ament_install'
[0.936s] Level 1:colcon.colcon_core.package_identification:_identify(src) by extensions ['colcon_pkg']
[0.936s] Level 1:colcon.colcon_core.package_identification:_identify(src) by extension 'colcon_pkg'
[0.936s] Level 1:colcon.colcon_core.package_identification:_identify(src) by extensions ['colcon_meta']
[0.936s] Level 1:colcon.colcon_core.package_identification:_identify(src) by extension 'colcon_meta'
[0.936s] Level 1:colcon.colcon_core.package_identification:_identify(src) by extensions ['ros']
[0.936s] Level 1:colcon.colcon_core.package_identification:_identify(src) by extension 'ros'
[0.938s] Level 1:colcon.colcon_core.package_identification:_identify(src) by extensions ['cmake', 'python']
[0.939s] Level 1:colcon.colcon_core.package_identification:_identify(src) by extension 'cmake'
[0.940s] Level 1:colcon.colcon_core.package_identification:_identify(src) by extension 'python'
[0.940s] Level 1:colcon.colcon_core.package_identification:_identify(src) by extensions ['python_setup_py']
[0.941s] Level 1:colcon.colcon_core.package_identification:_identify(src) by extension 'python_setup_py'
[0.941s] Level 1:colcon.colcon_core.package_identification:_identify(src/tmini_cartographer_py) by extensions ['ignore', 'ignore_ament_install']
[0.942s] Level 1:colcon.colcon_core.package_identification:_identify(src/tmini_cartographer_py) by extension 'ignore'
[0.942s] Level 1:colcon.colcon_core.package_identification:_identify(src/tmini_cartographer_py) by extension 'ignore_ament_install'
[0.942s] Level 1:colcon.colcon_core.package_identification:_identify(src/tmini_cartographer_py) by extensions ['colcon_pkg']
[0.943s] Level 1:colcon.colcon_core.package_identification:_identify(src/tmini_cartographer_py) by extension 'colcon_pkg'
[0.943s] Level 1:colcon.colcon_core.package_identification:_identify(src/tmini_cartographer_py) by extensions ['colcon_meta']
[0.943s] Level 1:colcon.colcon_core.package_identification:_identify(src/tmini_cartographer_py) by extension 'colcon_meta'
[0.943s] Level 1:colcon.colcon_core.package_identification:_identify(src/tmini_cartographer_py) by extensions ['ros']
[0.943s] Level 1:colcon.colcon_core.package_identification:_identify(src/tmini_cartographer_py) by extension 'ros'
[0.953s] DEBUG:colcon.colcon_core.package_identification:Package 'src/tmini_cartographer_py' with type 'ros.ament_python' and name 'tmini_cartographer_py'
[0.954s] Level 1:colcon.colcon_core.package_discovery:discover_packages(recursive) using defaults
[0.954s] Level 1:colcon.colcon_core.package_discovery:discover_packages(ignore) discover
[0.954s] Level 1:colcon.colcon_core.package_discovery:discover_packages(ignore) using defaults
[0.954s] Level 1:colcon.colcon_core.package_discovery:discover_packages(path) discover
[0.954s] Level 1:colcon.colcon_core.package_discovery:discover_packages(path) using defaults
[1.032s] Level 1:colcon.colcon_core.package_discovery:discover_packages(prefix_path) check parameters
[1.032s] Level 1:colcon.colcon_core.package_discovery:discover_packages(prefix_path) discover
[1.042s] DEBUG:colcon.colcon_installed_package_information.package_discovery:Found 1 installed packages in /home/drone/cartographer_ws/install
[1.044s] DEBUG:colcon.colcon_installed_package_information.package_discovery:Found 3 installed packages in /home/drone/ros2_ws/install
[1.046s] DEBUG:colcon.colcon_installed_package_information.package_discovery:Found 1 installed packages in /home/drone/ydlidar_ros2_ws/install
[1.050s] DEBUG:colcon.colcon_installed_package_information.package_discovery:Found 422 installed packages in /opt/ros/jazzy
[1.064s] Level 1:colcon.colcon_core.package_discovery:discover_packages(prefix_path) using defaults
[1.295s] Level 5:colcon.colcon_core.verb:set package 'tmini_cartographer_py' build argument 'cmake_args' from command line to 'None'
[1.296s] Level 5:colcon.colcon_core.verb:set package 'tmini_cartographer_py' build argument 'cmake_target' from command line to 'None'
[1.296s] Level 5:colcon.colcon_core.verb:set package 'tmini_cartographer_py' build argument 'cmake_target_skip_unavailable' from command line to 'False'
[1.296s] Level 5:colcon.colcon_core.verb:set package 'tmini_cartographer_py' build argument 'cmake_clean_cache' from command line to 'False'
[1.296s] Level 5:colcon.colcon_core.verb:set package 'tmini_cartographer_py' build argument 'cmake_clean_first' from command line to 'False'
[1.296s] Level 5:colcon.colcon_core.verb:set package 'tmini_cartographer_py' build argument 'cmake_force_configure' from command line to 'False'
[1.296s] Level 5:colcon.colcon_core.verb:set package 'tmini_cartographer_py' build argument 'ament_cmake_args' from command line to 'None'
[1.296s] Level 5:colcon.colcon_core.verb:set package 'tmini_cartographer_py' build argument 'catkin_cmake_args' from command line to 'None'
[1.296s] Level 5:colcon.colcon_core.verb:set package 'tmini_cartographer_py' build argument 'catkin_skip_building_tests' from command line to 'False'
[1.296s] DEBUG:colcon.colcon_core.verb:Building package 'tmini_cartographer_py' with the following arguments: {'ament_cmake_args': None, 'build_base': '/home/drone/cartographer_ws/build/tmini_cartographer_py', 'catkin_cmake_args': None, 'catkin_skip_building_tests': False, 'cmake_args': None, 'cmake_clean_cache': False, 'cmake_clean_first': False, 'cmake_force_configure': False, 'cmake_target': None, 'cmake_target_skip_unavailable': False, 'install_base': '/home/drone/cartographer_ws/install/tmini_cartographer_py', 'merge_install': False, 'path': '/home/drone/cartographer_ws/src/tmini_cartographer_py', 'symlink_install': False, 'test_result_base': None}
[1.297s] INFO:colcon.colcon_core.executor:Executing jobs using 'parallel' executor
[1.302s] DEBUG:colcon.colcon_parallel_executor.executor.parallel:run_until_complete
[1.303s] INFO:colcon.colcon_ros.task.ament_python.build:Building ROS package in '/home/drone/cartographer_ws/src/tmini_cartographer_py' with build type 'ament_python'
[1.303s] Level 1:colcon.colcon_core.shell:create_environment_hook('tmini_cartographer_py', 'ament_prefix_path')
[1.315s] INFO:colcon.colcon_core.plugin_system:Skipping extension 'colcon_core.shell.bat': Not used on non-Windows systems
[1.316s] INFO:colcon.colcon_core.shell:Creating environment hook '/home/drone/cartographer_ws/install/tmini_cartographer_py/share/tmini_cartographer_py/hook/ament_prefix_path.ps1'
[1.317s] INFO:colcon.colcon_core.shell:Creating environment descriptor '/home/drone/cartographer_ws/install/tmini_cartographer_py/share/tmini_cartographer_py/hook/ament_prefix_path.dsv'
[1.319s] INFO:colcon.colcon_core.shell:Creating environment hook '/home/drone/cartographer_ws/install/tmini_cartographer_py/share/tmini_cartographer_py/hook/ament_prefix_path.sh'
[1.323s] INFO:colcon.colcon_core.shell:Skip shell extension 'powershell' for command environment: Not usable outside of PowerShell
[1.323s] DEBUG:colcon.colcon_core.shell:Skip shell extension 'dsv' for command environment
[2.586s] INFO:colcon.colcon_core.task.python.build:Building Python package in '/home/drone/cartographer_ws/src/tmini_cartographer_py'
[2.588s] INFO:colcon.colcon_core.shell:Skip shell extension 'powershell' for command environment: Not usable outside of PowerShell
[2.589s] DEBUG:colcon.colcon_core.shell:Skip shell extension 'dsv' for command environment
[6.833s] DEBUG:colcon.colcon_core.event_handler.log_command:Invoking command in '/home/drone/cartographer_ws/src/tmini_cartographer_py': DEBUGINFOD_URLS=https://debuginfod.ubuntu.com PYTHONPATH=/home/drone/cartographer_ws/build/tmini_cartographer_py/prefix_override:/usr/lib/python3/dist-packages/colcon_core/task/python/colcon_distutils_commands:/home/drone/cartographer_ws/install/tmini_cartographer_py/lib/python3.12/site-packages:${PYTHONPATH} /usr/bin/python3 -W ignore:setup.py install is deprecated -W ignore:easy_install command is deprecated setup.py egg_info --egg-base ../../build/tmini_cartographer_py build --build-base /home/drone/cartographer_ws/build/tmini_cartographer_py/build install --record /home/drone/cartographer_ws/build/tmini_cartographer_py/install.log --single-version-externally-managed install_data
[10.114s] Level 1:colcon.colcon_core.environment:checking '/home/drone/cartographer_ws/install/tmini_cartographer_py' for CMake module files
[10.116s] Level 1:colcon.colcon_core.environment:checking '/home/drone/cartographer_ws/install/tmini_cartographer_py' for CMake config files
[10.117s] DEBUG:colcon.colcon_core.event_handler.log_command:Invoked command in '/home/drone/cartographer_ws/src/tmini_cartographer_py' returned '0': DEBUGINFOD_URLS=https://debuginfod.ubuntu.com PYTHONPATH=/home/drone/cartographer_ws/build/tmini_cartographer_py/prefix_override:/usr/lib/python3/dist-packages/colcon_core/task/python/colcon_distutils_commands:/home/drone/cartographer_ws/install/tmini_cartographer_py/lib/python3.12/site-packages:${PYTHONPATH} /usr/bin/python3 -W ignore:setup.py install is deprecated -W ignore:easy_install command is deprecated setup.py egg_info --egg-base ../../build/tmini_cartographer_py build --build-base /home/drone/cartographer_ws/build/tmini_cartographer_py/build install --record /home/drone/cartographer_ws/build/tmini_cartographer_py/install.log --single-version-externally-managed install_data
[10.134s] Level 1:colcon.colcon_core.environment:checking '/home/drone/cartographer_ws/install/tmini_cartographer_py/lib'
[10.145s] Level 1:colcon.colcon_core.environment:checking '/home/drone/cartographer_ws/install/tmini_cartographer_py/bin'
[10.154s] Level 1:colcon.colcon_core.environment:checking '/home/drone/cartographer_ws/install/tmini_cartographer_py/lib/pkgconfig/tmini_cartographer_py.pc'
[10.157s] Level 1:colcon.colcon_core.environment:checking '/home/drone/cartographer_ws/install/tmini_cartographer_py/lib/python3.12/site-packages'
[10.158s] Level 1:colcon.colcon_core.shell:create_environment_hook('tmini_cartographer_py', 'pythonpath')
[10.160s] INFO:colcon.colcon_core.shell:Creating environment hook '/home/drone/cartographer_ws/install/tmini_cartographer_py/share/tmini_cartographer_py/hook/pythonpath.ps1'
[10.164s] INFO:colcon.colcon_core.shell:Creating environment descriptor '/home/drone/cartographer_ws/install/tmini_cartographer_py/share/tmini_cartographer_py/hook/pythonpath.dsv'
[10.168s] INFO:colcon.colcon_core.shell:Creating environment hook '/home/drone/cartographer_ws/install/tmini_cartographer_py/share/tmini_cartographer_py/hook/pythonpath.sh'
[10.172s] Level 1:colcon.colcon_core.environment:checking '/home/drone/cartographer_ws/install/tmini_cartographer_py/bin'
[10.172s] Level 1:colcon.colcon_core.environment:create_environment_scripts_only(tmini_cartographer_py)
[10.173s] INFO:colcon.colcon_core.shell:Creating package script '/home/drone/cartographer_ws/install/tmini_cartographer_py/share/tmini_cartographer_py/package.ps1'
[10.178s] INFO:colcon.colcon_core.shell:Creating package descriptor '/home/drone/cartographer_ws/install/tmini_cartographer_py/share/tmini_cartographer_py/package.dsv'
[10.183s] INFO:colcon.colcon_core.shell:Creating package script '/home/drone/cartographer_ws/install/tmini_cartographer_py/share/tmini_cartographer_py/package.sh'
[10.189s] INFO:colcon.colcon_core.shell:Creating package script '/home/drone/cartographer_ws/install/tmini_cartographer_py/share/tmini_cartographer_py/package.bash'
[10.198s] INFO:colcon.colcon_core.shell:Creating package script '/home/drone/cartographer_ws/install/tmini_cartographer_py/share/tmini_cartographer_py/package.zsh'
[10.202s] Level 1:colcon.colcon_core.environment:create_file_with_runtime_dependencies(/home/drone/cartographer_ws/install/tmini_cartographer_py/share/colcon-core/packages/tmini_cartographer_py)
[10.206s] DEBUG:colcon.colcon_parallel_executor.executor.parallel:closing loop
[10.210s] DEBUG:colcon.colcon_parallel_executor.executor.parallel:loop closed
[10.210s] DEBUG:colcon.colcon_parallel_executor.executor.parallel:run_until_complete finished with '0'
[10.210s] DEBUG:colcon.colcon_core.event_reactor:joining thread
[10.245s] INFO:colcon.colcon_core.plugin_system:Skipping extension 'colcon_notification.desktop_notification.terminal_notifier': Not used on non-Darwin systems
[10.245s] INFO:colcon.colcon_core.plugin_system:Skipping extension 'colcon_notification.desktop_notification.win32': Not used on non-Windows systems
[10.246s] INFO:colcon.colcon_notification.desktop_notification:Sending desktop notification using 'notify2'
[10.364s] DEBUG:colcon.colcon_core.event_reactor:joined thread
[10.365s] INFO:colcon.colcon_core.shell:Creating prefix script '/home/drone/cartographer_ws/install/local_setup.ps1'
[10.372s] INFO:colcon.colcon_core.shell:Creating prefix util module '/home/drone/cartographer_ws/install/_local_setup_util_ps1.py'
[10.396s] INFO:colcon.colcon_core.shell:Creating prefix chain script '/home/drone/cartographer_ws/install/setup.ps1'
[10.410s] INFO:colcon.colcon_core.shell:Creating prefix script '/home/drone/cartographer_ws/install/local_setup.sh'
[10.413s] INFO:colcon.colcon_core.shell:Creating prefix util module '/home/drone/cartographer_ws/install/_local_setup_util_sh.py'
[10.415s] INFO:colcon.colcon_core.shell:Creating prefix chain script '/home/drone/cartographer_ws/install/setup.sh'
[10.421s] INFO:colcon.colcon_core.shell:Creating prefix script '/home/drone/cartographer_ws/install/local_setup.bash'
[10.424s] INFO:colcon.colcon_core.shell:Creating prefix chain script '/home/drone/cartographer_ws/install/setup.bash'
[10.430s] INFO:colcon.colcon_core.shell:Creating prefix script '/home/drone/cartographer_ws/install/local_setup.zsh'
[10.433s] INFO:colcon.colcon_core.shell:Creating prefix chain script '/home/drone/cartographer_ws/install/setup.zsh'
